#! /c/Source/iverilog-install/bin/vvp
:ivl_version "12.0 (devel)" "(s20150603-1539-g2693dd32b)";
:ivl_delay_selection "TYPICAL";
:vpi_time_precision - 12;
:vpi_module "C:\Users\iverilog\lib\ivl\system.vpi";
:vpi_module "C:\Users\iverilog\lib\ivl\vhdl_sys.vpi";
:vpi_module "C:\Users\iverilog\lib\ivl\vhdl_textio.vpi";
:vpi_module "C:\Users\iverilog\lib\ivl\v2005_math.vpi";
:vpi_module "C:\Users\iverilog\lib\ivl\va_math.vpi";
S_000001fcd192e750 .scope module, "tb_subtractor" "tb_subtractor" 2 3;
 .timescale -9 -12;
v000001fcd19aa750_0 .var "borrow_in", 0 0;
v000001fcd19a8630_0 .net "borrow_out", 0 0, L_000001fcd19be700;  1 drivers
v000001fcd19aa2f0_0 .var "subtractor_in0", 31 0;
v000001fcd19a9f30_0 .var "subtractor_in1", 31 0;
v000001fcd19a8f90_0 .net "subtractor_out", 31 0, L_000001fcd19ac7d0;  1 drivers
S_000001fcd189ed70 .scope module, "uut" "subtractor32bit" 2 10, 3 1 0, S_000001fcd192e750;
 .timescale 0 0;
    .port_info 0 /INPUT 32 "subtractor_in0";
    .port_info 1 /INPUT 32 "subtractor_in1";
    .port_info 2 /INPUT 1 "borrow_in";
    .port_info 3 /OUTPUT 32 "subtractor_out";
    .port_info 4 /OUTPUT 1 "borrow_out";
v000001fcd19aa4d0_0 .net "borrow_in", 0 0, v000001fcd19aa750_0;  1 drivers
v000001fcd19a8bd0_0 .net "borrow_out", 0 0, L_000001fcd19be700;  alias, 1 drivers
v000001fcd19a9c10_0 .net "c5", 0 0, L_000001fcd19b0c90;  1 drivers
v000001fcd19a9e90_0 .net "c6", 0 0, L_000001fcd19b8510;  1 drivers
v000001fcd19a83b0_0 .net "c7", 0 0, L_000001fcd19bc610;  1 drivers
v000001fcd19aa390_0 .net "subtractor_in0", 31 0, v000001fcd19aa2f0_0;  1 drivers
v000001fcd19a8c70_0 .net "subtractor_in1", 31 0, v000001fcd19a9f30_0;  1 drivers
v000001fcd19a9030_0 .net "subtractor_out", 31 0, L_000001fcd19ac7d0;  alias, 1 drivers
L_000001fcd19a8810 .part v000001fcd19aa2f0_0, 0, 8;
L_000001fcd19a8ef0 .part v000001fcd19a9f30_0, 0, 8;
L_000001fcd19ac050 .part v000001fcd19aa2f0_0, 8, 8;
L_000001fcd19aba10 .part v000001fcd19a9f30_0, 8, 8;
L_000001fcd19ab290 .part v000001fcd19aa2f0_0, 16, 8;
L_000001fcd19ab6f0 .part v000001fcd19a9f30_0, 16, 8;
L_000001fcd19acb90 .part v000001fcd19aa2f0_0, 24, 8;
L_000001fcd19ac730 .part v000001fcd19a9f30_0, 24, 8;
L_000001fcd19ac7d0 .concat8 [ 8 8 8 8], L_000001fcd19a9350, L_000001fcd19a9d50, L_000001fcd19abdd0, L_000001fcd19aaa70;
S_000001fcd189ef00 .scope module, "block6" "subtractor8bit" 3 12, 3 42 0, S_000001fcd189ed70;
 .timescale 0 0;
    .port_info 0 /INPUT 8 "subtractor_in0";
    .port_info 1 /INPUT 8 "subtractor_in1";
    .port_info 2 /INPUT 1 "borrow_in";
    .port_info 3 /OUTPUT 8 "subtractor_out";
    .port_info 4 /OUTPUT 1 "borrow_out";
v000001fcd19899c0_0 .net "borrow_in", 0 0, v000001fcd19aa750_0;  alias, 1 drivers
v000001fcd1989d80_0 .net "borrow_out", 0 0, L_000001fcd19b0c90;  alias, 1 drivers
v000001fcd1988160_0 .net "c4", 0 0, L_000001fcd19b0850;  1 drivers
v000001fcd1988d40_0 .net "subtractor_in0", 7 0, L_000001fcd19a8810;  1 drivers
v000001fcd1989f60_0 .net "subtractor_in1", 7 0, L_000001fcd19a8ef0;  1 drivers
v000001fcd1988480_0 .net "subtractor_out", 7 0, L_000001fcd19a9350;  1 drivers
L_000001fcd19a8450 .part L_000001fcd19a8810, 0, 4;
L_000001fcd19aa110 .part L_000001fcd19a8ef0, 0, 4;
L_000001fcd19a9210 .part L_000001fcd19a8810, 4, 4;
L_000001fcd19a86d0 .part L_000001fcd19a8ef0, 4, 4;
L_000001fcd19a9350 .concat8 [ 4 4 0 0], L_000001fcd19aa6b0, L_000001fcd19a9850;
S_000001fcd17ddc30 .scope module, "block4" "subtractor4bit" 3 51, 3 67 0, S_000001fcd189ef00;
 .timescale 0 0;
    .port_info 0 /INPUT 4 "subtractor_in0";
    .port_info 1 /INPUT 4 "subtractor_in1";
    .port_info 2 /INPUT 1 "borrow_in";
    .port_info 3 /OUTPUT 4 "subtractor_out";
    .port_info 4 /OUTPUT 1 "borrow_out";
v000001fcd1986b40_0 .net "borrow_in", 0 0, v000001fcd19aa750_0;  alias, 1 drivers
v000001fcd1985d80_0 .net "borrow_out", 0 0, L_000001fcd19b0850;  alias, 1 drivers
v000001fcd1986000_0 .net "c1", 0 0, L_000001fcd192d000;  1 drivers
v000001fcd1986140_0 .net "c2", 0 0, L_000001fcd192d230;  1 drivers
v000001fcd1986820_0 .net "c3", 0 0, L_000001fcd192d1c0;  1 drivers
v000001fcd19861e0_0 .net "subtractor_in0", 3 0, L_000001fcd19a8450;  1 drivers
v000001fcd1986280_0 .net "subtractor_in1", 3 0, L_000001fcd19aa110;  1 drivers
v000001fcd1986aa0_0 .net "subtractor_out", 3 0, L_000001fcd19aa6b0;  1 drivers
L_000001fcd19aa070 .part L_000001fcd19a8450, 0, 1;
L_000001fcd19a9670 .part L_000001fcd19aa110, 0, 1;
L_000001fcd19a95d0 .part L_000001fcd19a8450, 1, 1;
L_000001fcd19aa570 .part L_000001fcd19aa110, 1, 1;
L_000001fcd19a84f0 .part L_000001fcd19a8450, 2, 1;
L_000001fcd19a9710 .part L_000001fcd19aa110, 2, 1;
L_000001fcd19aa610 .part L_000001fcd19a8450, 3, 1;
L_000001fcd19aa1b0 .part L_000001fcd19aa110, 3, 1;
L_000001fcd19aa6b0 .concat8 [ 1 1 1 1], L_000001fcd192d2a0, L_000001fcd192d0e0, L_000001fcd192cb30, L_000001fcd19b08c0;
S_000001fcd17dddc0 .scope module, "block0" "subtractor1bit" 3 78, 3 108 0, S_000001fcd17ddc30;
 .timescale 0 0;
    .port_info 0 /INPUT 1 "subtractor_in0";
    .port_info 1 /INPUT 1 "subtractor_in1";
    .port_info 2 /INPUT 1 "borrow_in";
    .port_info 3 /OUTPUT 1 "subtractor_out";
    .port_info 4 /OUTPUT 1 "borrow_out";
L_000001fcd192c820 .functor XOR 1, L_000001fcd19aa070, L_000001fcd19a9670, C4<0>, C4<0>;
L_000001fcd192d2a0 .functor XOR 1, L_000001fcd192c820, v000001fcd19aa750_0, C4<0>, C4<0>;
L_000001fcd192c900 .functor NOT 1, L_000001fcd19aa070, C4<0>, C4<0>, C4<0>;
L_000001fcd192ca50 .functor AND 1, L_000001fcd192c900, L_000001fcd19a9670, C4<1>, C4<1>;
L_000001fcd192d380 .functor NOT 1, L_000001fcd19aa070, C4<0>, C4<0>, C4<0>;
L_000001fcd192cf20 .functor AND 1, L_000001fcd192d380, v000001fcd19aa750_0, C4<1>, C4<1>;
L_000001fcd192cd60 .functor OR 1, L_000001fcd192ca50, L_000001fcd192cf20, C4<0>, C4<0>;
L_000001fcd192cf90 .functor AND 1, L_000001fcd19a9670, v000001fcd19aa750_0, C4<1>, C4<1>;
L_000001fcd192d000 .functor OR 1, L_000001fcd192cd60, L_000001fcd192cf90, C4<0>, C4<0>;
v000001fcd1923980_0 .net *"_ivl_0", 0 0, L_000001fcd192c820;  1 drivers
v000001fcd1922d00_0 .net *"_ivl_10", 0 0, L_000001fcd192cf20;  1 drivers
v000001fcd1923a20_0 .net *"_ivl_12", 0 0, L_000001fcd192cd60;  1 drivers
v000001fcd1923ac0_0 .net *"_ivl_14", 0 0, L_000001fcd192cf90;  1 drivers
v000001fcd1923c00_0 .net *"_ivl_4", 0 0, L_000001fcd192c900;  1 drivers
v000001fcd1924380_0 .net *"_ivl_6", 0 0, L_000001fcd192ca50;  1 drivers
v000001fcd1922b20_0 .net *"_ivl_8", 0 0, L_000001fcd192d380;  1 drivers
v000001fcd1923ca0_0 .net "borrow_in", 0 0, v000001fcd19aa750_0;  alias, 1 drivers
v000001fcd1923de0_0 .net "borrow_out", 0 0, L_000001fcd192d000;  alias, 1 drivers
v000001fcd19224e0_0 .net "subtractor_in0", 0 0, L_000001fcd19aa070;  1 drivers
v000001fcd1922580_0 .net "subtractor_in1", 0 0, L_000001fcd19a9670;  1 drivers
v000001fcd1913510_0 .net "subtractor_out", 0 0, L_000001fcd192d2a0;  1 drivers
S_000001fcd189cf70 .scope module, "block1" "subtractor1bit" 3 85, 3 108 0, S_000001fcd17ddc30;
 .timescale 0 0;
    .port_info 0 /INPUT 1 "subtractor_in0";
    .port_info 1 /INPUT 1 "subtractor_in1";
    .port_info 2 /INPUT 1 "borrow_in";
    .port_info 3 /OUTPUT 1 "subtractor_out";
    .port_info 4 /OUTPUT 1 "borrow_out";
L_000001fcd192c970 .functor XOR 1, L_000001fcd19a95d0, L_000001fcd19aa570, C4<0>, C4<0>;
L_000001fcd192d0e0 .functor XOR 1, L_000001fcd192c970, L_000001fcd192d000, C4<0>, C4<0>;
L_000001fcd192ccf0 .functor NOT 1, L_000001fcd19a95d0, C4<0>, C4<0>, C4<0>;
L_000001fcd192cdd0 .functor AND 1, L_000001fcd192ccf0, L_000001fcd19aa570, C4<1>, C4<1>;
L_000001fcd192c510 .functor NOT 1, L_000001fcd19a95d0, C4<0>, C4<0>, C4<0>;
L_000001fcd192c6d0 .functor AND 1, L_000001fcd192c510, L_000001fcd192d000, C4<1>, C4<1>;
L_000001fcd192c580 .functor OR 1, L_000001fcd192cdd0, L_000001fcd192c6d0, C4<0>, C4<0>;
L_000001fcd192cac0 .functor AND 1, L_000001fcd19aa570, L_000001fcd192d000, C4<1>, C4<1>;
L_000001fcd192d230 .functor OR 1, L_000001fcd192c580, L_000001fcd192cac0, C4<0>, C4<0>;
v000001fcd18dcfc0_0 .net *"_ivl_0", 0 0, L_000001fcd192c970;  1 drivers
v000001fcd18ea4b0_0 .net *"_ivl_10", 0 0, L_000001fcd192c6d0;  1 drivers
v000001fcd19093e0_0 .net *"_ivl_12", 0 0, L_000001fcd192c580;  1 drivers
v000001fcd1987540_0 .net *"_ivl_14", 0 0, L_000001fcd192cac0;  1 drivers
v000001fcd1985ec0_0 .net *"_ivl_4", 0 0, L_000001fcd192ccf0;  1 drivers
v000001fcd1987680_0 .net *"_ivl_6", 0 0, L_000001fcd192cdd0;  1 drivers
v000001fcd1986780_0 .net *"_ivl_8", 0 0, L_000001fcd192c510;  1 drivers
v000001fcd1987220_0 .net "borrow_in", 0 0, L_000001fcd192d000;  alias, 1 drivers
v000001fcd19877c0_0 .net "borrow_out", 0 0, L_000001fcd192d230;  alias, 1 drivers
v000001fcd1985920_0 .net "subtractor_in0", 0 0, L_000001fcd19a95d0;  1 drivers
v000001fcd19875e0_0 .net "subtractor_in1", 0 0, L_000001fcd19aa570;  1 drivers
v000001fcd1986fa0_0 .net "subtractor_out", 0 0, L_000001fcd192d0e0;  1 drivers
S_000001fcd189d100 .scope module, "block2" "subtractor1bit" 3 92, 3 108 0, S_000001fcd17ddc30;
 .timescale 0 0;
    .port_info 0 /INPUT 1 "subtractor_in0";
    .port_info 1 /INPUT 1 "subtractor_in1";
    .port_info 2 /INPUT 1 "borrow_in";
    .port_info 3 /OUTPUT 1 "subtractor_out";
    .port_info 4 /OUTPUT 1 "borrow_out";
L_000001fcd192c9e0 .functor XOR 1, L_000001fcd19a84f0, L_000001fcd19a9710, C4<0>, C4<0>;
L_000001fcd192cb30 .functor XOR 1, L_000001fcd192c9e0, L_000001fcd192d230, C4<0>, C4<0>;
L_000001fcd192c740 .functor NOT 1, L_000001fcd19a84f0, C4<0>, C4<0>, C4<0>;
L_000001fcd192d070 .functor AND 1, L_000001fcd192c740, L_000001fcd19a9710, C4<1>, C4<1>;
L_000001fcd192cc10 .functor NOT 1, L_000001fcd19a84f0, C4<0>, C4<0>, C4<0>;
L_000001fcd192c5f0 .functor AND 1, L_000001fcd192cc10, L_000001fcd192d230, C4<1>, C4<1>;
L_000001fcd192c660 .functor OR 1, L_000001fcd192d070, L_000001fcd192c5f0, C4<0>, C4<0>;
L_000001fcd192cba0 .functor AND 1, L_000001fcd19a9710, L_000001fcd192d230, C4<1>, C4<1>;
L_000001fcd192d1c0 .functor OR 1, L_000001fcd192c660, L_000001fcd192cba0, C4<0>, C4<0>;
v000001fcd19872c0_0 .net *"_ivl_0", 0 0, L_000001fcd192c9e0;  1 drivers
v000001fcd19865a0_0 .net *"_ivl_10", 0 0, L_000001fcd192c5f0;  1 drivers
v000001fcd1987720_0 .net *"_ivl_12", 0 0, L_000001fcd192c660;  1 drivers
v000001fcd19859c0_0 .net *"_ivl_14", 0 0, L_000001fcd192cba0;  1 drivers
v000001fcd1985c40_0 .net *"_ivl_4", 0 0, L_000001fcd192c740;  1 drivers
v000001fcd1985a60_0 .net *"_ivl_6", 0 0, L_000001fcd192d070;  1 drivers
v000001fcd1986c80_0 .net *"_ivl_8", 0 0, L_000001fcd192cc10;  1 drivers
v000001fcd1987360_0 .net "borrow_in", 0 0, L_000001fcd192d230;  alias, 1 drivers
v000001fcd1985e20_0 .net "borrow_out", 0 0, L_000001fcd192d1c0;  alias, 1 drivers
v000001fcd19868c0_0 .net "subtractor_in0", 0 0, L_000001fcd19a84f0;  1 drivers
v000001fcd1985b00_0 .net "subtractor_in1", 0 0, L_000001fcd19a9710;  1 drivers
v000001fcd1987400_0 .net "subtractor_out", 0 0, L_000001fcd192cb30;  1 drivers
S_000001fcd18627f0 .scope module, "block3" "subtractor1bit" 3 99, 3 108 0, S_000001fcd17ddc30;
 .timescale 0 0;
    .port_info 0 /INPUT 1 "subtractor_in0";
    .port_info 1 /INPUT 1 "subtractor_in1";
    .port_info 2 /INPUT 1 "borrow_in";
    .port_info 3 /OUTPUT 1 "subtractor_out";
    .port_info 4 /OUTPUT 1 "borrow_out";
L_000001fcd19b07e0 .functor XOR 1, L_000001fcd19aa610, L_000001fcd19aa1b0, C4<0>, C4<0>;
L_000001fcd19b08c0 .functor XOR 1, L_000001fcd19b07e0, L_000001fcd192d1c0, C4<0>, C4<0>;
L_000001fcd19b0690 .functor NOT 1, L_000001fcd19aa610, C4<0>, C4<0>, C4<0>;
L_000001fcd19b0620 .functor AND 1, L_000001fcd19b0690, L_000001fcd19aa1b0, C4<1>, C4<1>;
L_000001fcd19b0000 .functor NOT 1, L_000001fcd19aa610, C4<0>, C4<0>, C4<0>;
L_000001fcd19aff90 .functor AND 1, L_000001fcd19b0000, L_000001fcd192d1c0, C4<1>, C4<1>;
L_000001fcd19afd60 .functor OR 1, L_000001fcd19b0620, L_000001fcd19aff90, C4<0>, C4<0>;
L_000001fcd19b0460 .functor AND 1, L_000001fcd19aa1b0, L_000001fcd192d1c0, C4<1>, C4<1>;
L_000001fcd19b0850 .functor OR 1, L_000001fcd19afd60, L_000001fcd19b0460, C4<0>, C4<0>;
v000001fcd1986320_0 .net *"_ivl_0", 0 0, L_000001fcd19b07e0;  1 drivers
v000001fcd19866e0_0 .net *"_ivl_10", 0 0, L_000001fcd19aff90;  1 drivers
v000001fcd19860a0_0 .net *"_ivl_12", 0 0, L_000001fcd19afd60;  1 drivers
v000001fcd1985ba0_0 .net *"_ivl_14", 0 0, L_000001fcd19b0460;  1 drivers
v000001fcd1986be0_0 .net *"_ivl_4", 0 0, L_000001fcd19b0690;  1 drivers
v000001fcd1987180_0 .net *"_ivl_6", 0 0, L_000001fcd19b0620;  1 drivers
v000001fcd1986d20_0 .net *"_ivl_8", 0 0, L_000001fcd19b0000;  1 drivers
v000001fcd1986dc0_0 .net "borrow_in", 0 0, L_000001fcd192d1c0;  alias, 1 drivers
v000001fcd1985f60_0 .net "borrow_out", 0 0, L_000001fcd19b0850;  alias, 1 drivers
v000001fcd19874a0_0 .net "subtractor_in0", 0 0, L_000001fcd19aa610;  1 drivers
v000001fcd1986500_0 .net "subtractor_in1", 0 0, L_000001fcd19aa1b0;  1 drivers
v000001fcd1985ce0_0 .net "subtractor_out", 0 0, L_000001fcd19b08c0;  1 drivers
S_000001fcd1862980 .scope module, "block5" "subtractor4bit" 3 58, 3 67 0, S_000001fcd189ef00;
 .timescale 0 0;
    .port_info 0 /INPUT 4 "subtractor_in0";
    .port_info 1 /INPUT 4 "subtractor_in1";
    .port_info 2 /INPUT 1 "borrow_in";
    .port_info 3 /OUTPUT 4 "subtractor_out";
    .port_info 4 /OUTPUT 1 "borrow_out";
v000001fcd198a0a0_0 .net "borrow_in", 0 0, L_000001fcd19b0850;  alias, 1 drivers
v000001fcd1989920_0 .net "borrow_out", 0 0, L_000001fcd19b0c90;  alias, 1 drivers
v000001fcd1989060_0 .net "c1", 0 0, L_000001fcd19b0150;  1 drivers
v000001fcd1988980_0 .net "c2", 0 0, L_000001fcd19b0380;  1 drivers
v000001fcd1988a20_0 .net "c3", 0 0, L_000001fcd19b1b70;  1 drivers
v000001fcd1989560_0 .net "subtractor_in0", 3 0, L_000001fcd19a9210;  1 drivers
v000001fcd1989600_0 .net "subtractor_in1", 3 0, L_000001fcd19a86d0;  1 drivers
v000001fcd19880c0_0 .net "subtractor_out", 3 0, L_000001fcd19a9850;  1 drivers
L_000001fcd19a9170 .part L_000001fcd19a9210, 0, 1;
L_000001fcd19aa890 .part L_000001fcd19a86d0, 0, 1;
L_000001fcd19aa930 .part L_000001fcd19a9210, 1, 1;
L_000001fcd19a81d0 .part L_000001fcd19a86d0, 1, 1;
L_000001fcd19a8270 .part L_000001fcd19a9210, 2, 1;
L_000001fcd19a97b0 .part L_000001fcd19a86d0, 2, 1;
L_000001fcd19a8590 .part L_000001fcd19a9210, 3, 1;
L_000001fcd19a8310 .part L_000001fcd19a86d0, 3, 1;
L_000001fcd19a9850 .concat8 [ 1 1 1 1], L_000001fcd19b05b0, L_000001fcd19b0700, L_000001fcd19b03f0, L_000001fcd19b1c50;
S_000001fcd1862b10 .scope module, "block0" "subtractor1bit" 3 78, 3 108 0, S_000001fcd1862980;
 .timescale 0 0;
    .port_info 0 /INPUT 1 "subtractor_in0";
    .port_info 1 /INPUT 1 "subtractor_in1";
    .port_info 2 /INPUT 1 "borrow_in";
    .port_info 3 /OUTPUT 1 "subtractor_out";
    .port_info 4 /OUTPUT 1 "borrow_out";
L_000001fcd19b0770 .functor XOR 1, L_000001fcd19a9170, L_000001fcd19aa890, C4<0>, C4<0>;
L_000001fcd19b05b0 .functor XOR 1, L_000001fcd19b0770, L_000001fcd19b0850, C4<0>, C4<0>;
L_000001fcd19af9e0 .functor NOT 1, L_000001fcd19a9170, C4<0>, C4<0>, C4<0>;
L_000001fcd19afa50 .functor AND 1, L_000001fcd19af9e0, L_000001fcd19aa890, C4<1>, C4<1>;
L_000001fcd19afba0 .functor NOT 1, L_000001fcd19a9170, C4<0>, C4<0>, C4<0>;
L_000001fcd19afac0 .functor AND 1, L_000001fcd19afba0, L_000001fcd19b0850, C4<1>, C4<1>;
L_000001fcd19b00e0 .functor OR 1, L_000001fcd19afa50, L_000001fcd19afac0, C4<0>, C4<0>;
L_000001fcd19b0070 .functor AND 1, L_000001fcd19aa890, L_000001fcd19b0850, C4<1>, C4<1>;
L_000001fcd19b0150 .functor OR 1, L_000001fcd19b00e0, L_000001fcd19b0070, C4<0>, C4<0>;
v000001fcd19863c0_0 .net *"_ivl_0", 0 0, L_000001fcd19b0770;  1 drivers
v000001fcd1986460_0 .net *"_ivl_10", 0 0, L_000001fcd19afac0;  1 drivers
v000001fcd1987040_0 .net *"_ivl_12", 0 0, L_000001fcd19b00e0;  1 drivers
v000001fcd1986960_0 .net *"_ivl_14", 0 0, L_000001fcd19b0070;  1 drivers
v000001fcd1986a00_0 .net *"_ivl_4", 0 0, L_000001fcd19af9e0;  1 drivers
v000001fcd1986f00_0 .net *"_ivl_6", 0 0, L_000001fcd19afa50;  1 drivers
v000001fcd1986e60_0 .net *"_ivl_8", 0 0, L_000001fcd19afba0;  1 drivers
v000001fcd1986640_0 .net "borrow_in", 0 0, L_000001fcd19b0850;  alias, 1 drivers
v000001fcd19870e0_0 .net "borrow_out", 0 0, L_000001fcd19b0150;  alias, 1 drivers
v000001fcd198aaa0_0 .net "subtractor_in0", 0 0, L_000001fcd19a9170;  1 drivers
v000001fcd198aa00_0 .net "subtractor_in1", 0 0, L_000001fcd19aa890;  1 drivers
v000001fcd198b4a0_0 .net "subtractor_out", 0 0, L_000001fcd19b05b0;  1 drivers
S_000001fcd194de20 .scope module, "block1" "subtractor1bit" 3 85, 3 108 0, S_000001fcd1862980;
 .timescale 0 0;
    .port_info 0 /INPUT 1 "subtractor_in0";
    .port_info 1 /INPUT 1 "subtractor_in1";
    .port_info 2 /INPUT 1 "borrow_in";
    .port_info 3 /OUTPUT 1 "subtractor_out";
    .port_info 4 /OUTPUT 1 "borrow_out";
L_000001fcd19b04d0 .functor XOR 1, L_000001fcd19aa930, L_000001fcd19a81d0, C4<0>, C4<0>;
L_000001fcd19b0700 .functor XOR 1, L_000001fcd19b04d0, L_000001fcd19b0150, C4<0>, C4<0>;
L_000001fcd19afb30 .functor NOT 1, L_000001fcd19aa930, C4<0>, C4<0>, C4<0>;
L_000001fcd19b02a0 .functor AND 1, L_000001fcd19afb30, L_000001fcd19a81d0, C4<1>, C4<1>;
L_000001fcd19afc10 .functor NOT 1, L_000001fcd19aa930, C4<0>, C4<0>, C4<0>;
L_000001fcd19afc80 .functor AND 1, L_000001fcd19afc10, L_000001fcd19b0150, C4<1>, C4<1>;
L_000001fcd19b0230 .functor OR 1, L_000001fcd19b02a0, L_000001fcd19afc80, C4<0>, C4<0>;
L_000001fcd19afcf0 .functor AND 1, L_000001fcd19a81d0, L_000001fcd19b0150, C4<1>, C4<1>;
L_000001fcd19b0380 .functor OR 1, L_000001fcd19b0230, L_000001fcd19afcf0, C4<0>, C4<0>;
v000001fcd198b5e0_0 .net *"_ivl_0", 0 0, L_000001fcd19b04d0;  1 drivers
v000001fcd198a320_0 .net *"_ivl_10", 0 0, L_000001fcd19afc80;  1 drivers
v000001fcd198af00_0 .net *"_ivl_12", 0 0, L_000001fcd19b0230;  1 drivers
v000001fcd198a6e0_0 .net *"_ivl_14", 0 0, L_000001fcd19afcf0;  1 drivers
v000001fcd198b7c0_0 .net *"_ivl_4", 0 0, L_000001fcd19afb30;  1 drivers
v000001fcd198ab40_0 .net *"_ivl_6", 0 0, L_000001fcd19b02a0;  1 drivers
v000001fcd198b180_0 .net *"_ivl_8", 0 0, L_000001fcd19afc10;  1 drivers
v000001fcd198a140_0 .net "borrow_in", 0 0, L_000001fcd19b0150;  alias, 1 drivers
v000001fcd198a960_0 .net "borrow_out", 0 0, L_000001fcd19b0380;  alias, 1 drivers
v000001fcd198b0e0_0 .net "subtractor_in0", 0 0, L_000001fcd19aa930;  1 drivers
v000001fcd198abe0_0 .net "subtractor_in1", 0 0, L_000001fcd19a81d0;  1 drivers
v000001fcd198b360_0 .net "subtractor_out", 0 0, L_000001fcd19b0700;  1 drivers
S_000001fcd194dfb0 .scope module, "block2" "subtractor1bit" 3 92, 3 108 0, S_000001fcd1862980;
 .timescale 0 0;
    .port_info 0 /INPUT 1 "subtractor_in0";
    .port_info 1 /INPUT 1 "subtractor_in1";
    .port_info 2 /INPUT 1 "borrow_in";
    .port_info 3 /OUTPUT 1 "subtractor_out";
    .port_info 4 /OUTPUT 1 "borrow_out";
L_000001fcd19afdd0 .functor XOR 1, L_000001fcd19a8270, L_000001fcd19a97b0, C4<0>, C4<0>;
L_000001fcd19b03f0 .functor XOR 1, L_000001fcd19afdd0, L_000001fcd19b0380, C4<0>, C4<0>;
L_000001fcd19afe40 .functor NOT 1, L_000001fcd19a8270, C4<0>, C4<0>, C4<0>;
L_000001fcd19b01c0 .functor AND 1, L_000001fcd19afe40, L_000001fcd19a97b0, C4<1>, C4<1>;
L_000001fcd19b0540 .functor NOT 1, L_000001fcd19a8270, C4<0>, C4<0>, C4<0>;
L_000001fcd19afeb0 .functor AND 1, L_000001fcd19b0540, L_000001fcd19b0380, C4<1>, C4<1>;
L_000001fcd19aff20 .functor OR 1, L_000001fcd19b01c0, L_000001fcd19afeb0, C4<0>, C4<0>;
L_000001fcd19b0310 .functor AND 1, L_000001fcd19a97b0, L_000001fcd19b0380, C4<1>, C4<1>;
L_000001fcd19b1b70 .functor OR 1, L_000001fcd19aff20, L_000001fcd19b0310, C4<0>, C4<0>;
v000001fcd198b680_0 .net *"_ivl_0", 0 0, L_000001fcd19afdd0;  1 drivers
v000001fcd198b720_0 .net *"_ivl_10", 0 0, L_000001fcd19afeb0;  1 drivers
v000001fcd198a500_0 .net *"_ivl_12", 0 0, L_000001fcd19aff20;  1 drivers
v000001fcd198b540_0 .net *"_ivl_14", 0 0, L_000001fcd19b0310;  1 drivers
v000001fcd198a460_0 .net *"_ivl_4", 0 0, L_000001fcd19afe40;  1 drivers
v000001fcd198a1e0_0 .net *"_ivl_6", 0 0, L_000001fcd19b01c0;  1 drivers
v000001fcd198a280_0 .net *"_ivl_8", 0 0, L_000001fcd19b0540;  1 drivers
v000001fcd198b2c0_0 .net "borrow_in", 0 0, L_000001fcd19b0380;  alias, 1 drivers
v000001fcd198b400_0 .net "borrow_out", 0 0, L_000001fcd19b1b70;  alias, 1 drivers
v000001fcd198a3c0_0 .net "subtractor_in0", 0 0, L_000001fcd19a8270;  1 drivers
v000001fcd198a5a0_0 .net "subtractor_in1", 0 0, L_000001fcd19a97b0;  1 drivers
v000001fcd198a640_0 .net "subtractor_out", 0 0, L_000001fcd19b03f0;  1 drivers
S_000001fcd194e140 .scope module, "block3" "subtractor1bit" 3 99, 3 108 0, S_000001fcd1862980;
 .timescale 0 0;
    .port_info 0 /INPUT 1 "subtractor_in0";
    .port_info 1 /INPUT 1 "subtractor_in1";
    .port_info 2 /INPUT 1 "borrow_in";
    .port_info 3 /OUTPUT 1 "subtractor_out";
    .port_info 4 /OUTPUT 1 "borrow_out";
L_000001fcd19b16a0 .functor XOR 1, L_000001fcd19a8590, L_000001fcd19a8310, C4<0>, C4<0>;
L_000001fcd19b1c50 .functor XOR 1, L_000001fcd19b16a0, L_000001fcd19b1b70, C4<0>, C4<0>;
L_000001fcd19b0d00 .functor NOT 1, L_000001fcd19a8590, C4<0>, C4<0>, C4<0>;
L_000001fcd19b24a0 .functor AND 1, L_000001fcd19b0d00, L_000001fcd19a8310, C4<1>, C4<1>;
L_000001fcd19b1320 .functor NOT 1, L_000001fcd19a8590, C4<0>, C4<0>, C4<0>;
L_000001fcd19b20b0 .functor AND 1, L_000001fcd19b1320, L_000001fcd19b1b70, C4<1>, C4<1>;
L_000001fcd19b17f0 .functor OR 1, L_000001fcd19b24a0, L_000001fcd19b20b0, C4<0>, C4<0>;
L_000001fcd19b1a20 .functor AND 1, L_000001fcd19a8310, L_000001fcd19b1b70, C4<1>, C4<1>;
L_000001fcd19b0c90 .functor OR 1, L_000001fcd19b17f0, L_000001fcd19b1a20, C4<0>, C4<0>;
v000001fcd198a780_0 .net *"_ivl_0", 0 0, L_000001fcd19b16a0;  1 drivers
v000001fcd198a820_0 .net *"_ivl_10", 0 0, L_000001fcd19b20b0;  1 drivers
v000001fcd198afa0_0 .net *"_ivl_12", 0 0, L_000001fcd19b17f0;  1 drivers
v000001fcd198ac80_0 .net *"_ivl_14", 0 0, L_000001fcd19b1a20;  1 drivers
v000001fcd198ad20_0 .net *"_ivl_4", 0 0, L_000001fcd19b0d00;  1 drivers
v000001fcd198a8c0_0 .net *"_ivl_6", 0 0, L_000001fcd19b24a0;  1 drivers
v000001fcd198b220_0 .net *"_ivl_8", 0 0, L_000001fcd19b1320;  1 drivers
v000001fcd198adc0_0 .net "borrow_in", 0 0, L_000001fcd19b1b70;  alias, 1 drivers
v000001fcd198ae60_0 .net "borrow_out", 0 0, L_000001fcd19b0c90;  alias, 1 drivers
v000001fcd198b040_0 .net "subtractor_in0", 0 0, L_000001fcd19a8590;  1 drivers
v000001fcd1989880_0 .net "subtractor_in1", 0 0, L_000001fcd19a8310;  1 drivers
v000001fcd1989e20_0 .net "subtractor_out", 0 0, L_000001fcd19b1c50;  1 drivers
S_000001fcd194e2d0 .scope module, "block7" "subtractor8bit" 3 19, 3 42 0, S_000001fcd189ed70;
 .timescale 0 0;
    .port_info 0 /INPUT 8 "subtractor_in0";
    .port_info 1 /INPUT 8 "subtractor_in1";
    .port_info 2 /INPUT 1 "borrow_in";
    .port_info 3 /OUTPUT 8 "subtractor_out";
    .port_info 4 /OUTPUT 1 "borrow_out";
v000001fcd19906a0_0 .net "borrow_in", 0 0, L_000001fcd19b0c90;  alias, 1 drivers
v000001fcd198fd40_0 .net "borrow_out", 0 0, L_000001fcd19b8510;  alias, 1 drivers
v000001fcd198f660_0 .net "c4", 0 0, L_000001fcd19b1940;  1 drivers
v000001fcd198fe80_0 .net "subtractor_in0", 7 0, L_000001fcd19ac050;  1 drivers
v000001fcd198f8e0_0 .net "subtractor_in1", 7 0, L_000001fcd19aba10;  1 drivers
v000001fcd1990100_0 .net "subtractor_out", 7 0, L_000001fcd19a9d50;  1 drivers
L_000001fcd19a98f0 .part L_000001fcd19ac050, 0, 4;
L_000001fcd19a92b0 .part L_000001fcd19aba10, 0, 4;
L_000001fcd19a9b70 .part L_000001fcd19ac050, 4, 4;
L_000001fcd19a9cb0 .part L_000001fcd19aba10, 4, 4;
L_000001fcd19a9d50 .concat8 [ 4 4 0 0], L_000001fcd19a8950, L_000001fcd19a9ad0;
S_000001fcd194e460 .scope module, "block4" "subtractor4bit" 3 51, 3 67 0, S_000001fcd194e2d0;
 .timescale 0 0;
    .port_info 0 /INPUT 4 "subtractor_in0";
    .port_info 1 /INPUT 4 "subtractor_in1";
    .port_info 2 /INPUT 1 "borrow_in";
    .port_info 3 /OUTPUT 4 "subtractor_out";
    .port_info 4 /OUTPUT 1 "borrow_out";
v000001fcd198e620_0 .net "borrow_in", 0 0, L_000001fcd19b0c90;  alias, 1 drivers
v000001fcd198d9a0_0 .net "borrow_out", 0 0, L_000001fcd19b1940;  alias, 1 drivers
v000001fcd198e580_0 .net "c1", 0 0, L_000001fcd19b1470;  1 drivers
v000001fcd198e6c0_0 .net "c2", 0 0, L_000001fcd19b1f60;  1 drivers
v000001fcd198db80_0 .net "c3", 0 0, L_000001fcd19b1780;  1 drivers
v000001fcd198e800_0 .net "subtractor_in0", 3 0, L_000001fcd19a98f0;  1 drivers
v000001fcd198e8a0_0 .net "subtractor_in1", 3 0, L_000001fcd19a92b0;  1 drivers
v000001fcd198e4e0_0 .net "subtractor_out", 3 0, L_000001fcd19a8950;  1 drivers
L_000001fcd19a8a90 .part L_000001fcd19a98f0, 0, 1;
L_000001fcd19a8d10 .part L_000001fcd19a92b0, 0, 1;
L_000001fcd19a88b0 .part L_000001fcd19a98f0, 1, 1;
L_000001fcd19a90d0 .part L_000001fcd19a92b0, 1, 1;
L_000001fcd19a9df0 .part L_000001fcd19a98f0, 2, 1;
L_000001fcd19a9fd0 .part L_000001fcd19a92b0, 2, 1;
L_000001fcd19aa250 .part L_000001fcd19a98f0, 3, 1;
L_000001fcd19a8db0 .part L_000001fcd19a92b0, 3, 1;
L_000001fcd19a8950 .concat8 [ 1 1 1 1], L_000001fcd19b0f30, L_000001fcd19b2580, L_000001fcd19b1550, L_000001fcd19b2040;
S_000001fcd194e5f0 .scope module, "block0" "subtractor1bit" 3 78, 3 108 0, S_000001fcd194e460;
 .timescale 0 0;
    .port_info 0 /INPUT 1 "subtractor_in0";
    .port_info 1 /INPUT 1 "subtractor_in1";
    .port_info 2 /INPUT 1 "borrow_in";
    .port_info 3 /OUTPUT 1 "subtractor_out";
    .port_info 4 /OUTPUT 1 "borrow_out";
L_000001fcd19b0ad0 .functor XOR 1, L_000001fcd19a8a90, L_000001fcd19a8d10, C4<0>, C4<0>;
L_000001fcd19b0f30 .functor XOR 1, L_000001fcd19b0ad0, L_000001fcd19b0c90, C4<0>, C4<0>;
L_000001fcd19b0fa0 .functor NOT 1, L_000001fcd19a8a90, C4<0>, C4<0>, C4<0>;
L_000001fcd19b0b40 .functor AND 1, L_000001fcd19b0fa0, L_000001fcd19a8d10, C4<1>, C4<1>;
L_000001fcd19b1010 .functor NOT 1, L_000001fcd19a8a90, C4<0>, C4<0>, C4<0>;
L_000001fcd19b2120 .functor AND 1, L_000001fcd19b1010, L_000001fcd19b0c90, C4<1>, C4<1>;
L_000001fcd19b2190 .functor OR 1, L_000001fcd19b0b40, L_000001fcd19b2120, C4<0>, C4<0>;
L_000001fcd19b15c0 .functor AND 1, L_000001fcd19a8d10, L_000001fcd19b0c90, C4<1>, C4<1>;
L_000001fcd19b1470 .functor OR 1, L_000001fcd19b2190, L_000001fcd19b15c0, C4<0>, C4<0>;
v000001fcd1987d00_0 .net *"_ivl_0", 0 0, L_000001fcd19b0ad0;  1 drivers
v000001fcd1988700_0 .net *"_ivl_10", 0 0, L_000001fcd19b2120;  1 drivers
v000001fcd1989420_0 .net *"_ivl_12", 0 0, L_000001fcd19b2190;  1 drivers
v000001fcd1988ac0_0 .net *"_ivl_14", 0 0, L_000001fcd19b15c0;  1 drivers
v000001fcd1988fc0_0 .net *"_ivl_4", 0 0, L_000001fcd19b0fa0;  1 drivers
v000001fcd19896a0_0 .net *"_ivl_6", 0 0, L_000001fcd19b0b40;  1 drivers
v000001fcd1987e40_0 .net *"_ivl_8", 0 0, L_000001fcd19b1010;  1 drivers
v000001fcd1989ec0_0 .net "borrow_in", 0 0, L_000001fcd19b0c90;  alias, 1 drivers
v000001fcd1988b60_0 .net "borrow_out", 0 0, L_000001fcd19b1470;  alias, 1 drivers
v000001fcd1989380_0 .net "subtractor_in0", 0 0, L_000001fcd19a8a90;  1 drivers
v000001fcd1988ca0_0 .net "subtractor_in1", 0 0, L_000001fcd19a8d10;  1 drivers
v000001fcd1988520_0 .net "subtractor_out", 0 0, L_000001fcd19b0f30;  1 drivers
S_000001fcd194e780 .scope module, "block1" "subtractor1bit" 3 85, 3 108 0, S_000001fcd194e460;
 .timescale 0 0;
    .port_info 0 /INPUT 1 "subtractor_in0";
    .port_info 1 /INPUT 1 "subtractor_in1";
    .port_info 2 /INPUT 1 "borrow_in";
    .port_info 3 /OUTPUT 1 "subtractor_out";
    .port_info 4 /OUTPUT 1 "borrow_out";
L_000001fcd19b2510 .functor XOR 1, L_000001fcd19a88b0, L_000001fcd19a90d0, C4<0>, C4<0>;
L_000001fcd19b2580 .functor XOR 1, L_000001fcd19b2510, L_000001fcd19b1470, C4<0>, C4<0>;
L_000001fcd19b0bb0 .functor NOT 1, L_000001fcd19a88b0, C4<0>, C4<0>, C4<0>;
L_000001fcd19b1fd0 .functor AND 1, L_000001fcd19b0bb0, L_000001fcd19a90d0, C4<1>, C4<1>;
L_000001fcd19b0c20 .functor NOT 1, L_000001fcd19a88b0, C4<0>, C4<0>, C4<0>;
L_000001fcd19b1be0 .functor AND 1, L_000001fcd19b0c20, L_000001fcd19b1470, C4<1>, C4<1>;
L_000001fcd19b14e0 .functor OR 1, L_000001fcd19b1fd0, L_000001fcd19b1be0, C4<0>, C4<0>;
L_000001fcd19b1400 .functor AND 1, L_000001fcd19a90d0, L_000001fcd19b1470, C4<1>, C4<1>;
L_000001fcd19b1f60 .functor OR 1, L_000001fcd19b14e0, L_000001fcd19b1400, C4<0>, C4<0>;
v000001fcd1988200_0 .net *"_ivl_0", 0 0, L_000001fcd19b2510;  1 drivers
v000001fcd198a000_0 .net *"_ivl_10", 0 0, L_000001fcd19b1be0;  1 drivers
v000001fcd1987940_0 .net *"_ivl_12", 0 0, L_000001fcd19b14e0;  1 drivers
v000001fcd19879e0_0 .net *"_ivl_14", 0 0, L_000001fcd19b1400;  1 drivers
v000001fcd1987a80_0 .net *"_ivl_4", 0 0, L_000001fcd19b0bb0;  1 drivers
v000001fcd1989740_0 .net *"_ivl_6", 0 0, L_000001fcd19b1fd0;  1 drivers
v000001fcd1987b20_0 .net *"_ivl_8", 0 0, L_000001fcd19b0c20;  1 drivers
v000001fcd1989a60_0 .net "borrow_in", 0 0, L_000001fcd19b1470;  alias, 1 drivers
v000001fcd19894c0_0 .net "borrow_out", 0 0, L_000001fcd19b1f60;  alias, 1 drivers
v000001fcd1987bc0_0 .net "subtractor_in0", 0 0, L_000001fcd19a88b0;  1 drivers
v000001fcd1989ce0_0 .net "subtractor_in1", 0 0, L_000001fcd19a90d0;  1 drivers
v000001fcd1989b00_0 .net "subtractor_out", 0 0, L_000001fcd19b2580;  1 drivers
S_000001fcd198c5c0 .scope module, "block2" "subtractor1bit" 3 92, 3 108 0, S_000001fcd194e460;
 .timescale 0 0;
    .port_info 0 /INPUT 1 "subtractor_in0";
    .port_info 1 /INPUT 1 "subtractor_in1";
    .port_info 2 /INPUT 1 "borrow_in";
    .port_info 3 /OUTPUT 1 "subtractor_out";
    .port_info 4 /OUTPUT 1 "borrow_out";
L_000001fcd19b1b00 .functor XOR 1, L_000001fcd19a9df0, L_000001fcd19a9fd0, C4<0>, C4<0>;
L_000001fcd19b1550 .functor XOR 1, L_000001fcd19b1b00, L_000001fcd19b1f60, C4<0>, C4<0>;
L_000001fcd19b1630 .functor NOT 1, L_000001fcd19a9df0, C4<0>, C4<0>, C4<0>;
L_000001fcd19b1080 .functor AND 1, L_000001fcd19b1630, L_000001fcd19a9fd0, C4<1>, C4<1>;
L_000001fcd19b1a90 .functor NOT 1, L_000001fcd19a9df0, C4<0>, C4<0>, C4<0>;
L_000001fcd19b1710 .functor AND 1, L_000001fcd19b1a90, L_000001fcd19b1f60, C4<1>, C4<1>;
L_000001fcd19b09f0 .functor OR 1, L_000001fcd19b1080, L_000001fcd19b1710, C4<0>, C4<0>;
L_000001fcd19b1860 .functor AND 1, L_000001fcd19a9fd0, L_000001fcd19b1f60, C4<1>, C4<1>;
L_000001fcd19b1780 .functor OR 1, L_000001fcd19b09f0, L_000001fcd19b1860, C4<0>, C4<0>;
v000001fcd1989ba0_0 .net *"_ivl_0", 0 0, L_000001fcd19b1b00;  1 drivers
v000001fcd1989c40_0 .net *"_ivl_10", 0 0, L_000001fcd19b1710;  1 drivers
v000001fcd19897e0_0 .net *"_ivl_12", 0 0, L_000001fcd19b09f0;  1 drivers
v000001fcd1987c60_0 .net *"_ivl_14", 0 0, L_000001fcd19b1860;  1 drivers
v000001fcd1987da0_0 .net *"_ivl_4", 0 0, L_000001fcd19b1630;  1 drivers
v000001fcd1988c00_0 .net *"_ivl_6", 0 0, L_000001fcd19b1080;  1 drivers
v000001fcd1987ee0_0 .net *"_ivl_8", 0 0, L_000001fcd19b1a90;  1 drivers
v000001fcd1987f80_0 .net "borrow_in", 0 0, L_000001fcd19b1f60;  alias, 1 drivers
v000001fcd1989240_0 .net "borrow_out", 0 0, L_000001fcd19b1780;  alias, 1 drivers
v000001fcd1988020_0 .net "subtractor_in0", 0 0, L_000001fcd19a9df0;  1 drivers
v000001fcd1988840_0 .net "subtractor_in1", 0 0, L_000001fcd19a9fd0;  1 drivers
v000001fcd19882a0_0 .net "subtractor_out", 0 0, L_000001fcd19b1550;  1 drivers
S_000001fcd198c110 .scope module, "block3" "subtractor1bit" 3 99, 3 108 0, S_000001fcd194e460;
 .timescale 0 0;
    .port_info 0 /INPUT 1 "subtractor_in0";
    .port_info 1 /INPUT 1 "subtractor_in1";
    .port_info 2 /INPUT 1 "borrow_in";
    .port_info 3 /OUTPUT 1 "subtractor_out";
    .port_info 4 /OUTPUT 1 "borrow_out";
L_000001fcd19b10f0 .functor XOR 1, L_000001fcd19aa250, L_000001fcd19a8db0, C4<0>, C4<0>;
L_000001fcd19b2040 .functor XOR 1, L_000001fcd19b10f0, L_000001fcd19b1780, C4<0>, C4<0>;
L_000001fcd19b0d70 .functor NOT 1, L_000001fcd19aa250, C4<0>, C4<0>, C4<0>;
L_000001fcd19b18d0 .functor AND 1, L_000001fcd19b0d70, L_000001fcd19a8db0, C4<1>, C4<1>;
L_000001fcd19b23c0 .functor NOT 1, L_000001fcd19aa250, C4<0>, C4<0>, C4<0>;
L_000001fcd19b2430 .functor AND 1, L_000001fcd19b23c0, L_000001fcd19b1780, C4<1>, C4<1>;
L_000001fcd19b0de0 .functor OR 1, L_000001fcd19b18d0, L_000001fcd19b2430, C4<0>, C4<0>;
L_000001fcd19b2200 .functor AND 1, L_000001fcd19a8db0, L_000001fcd19b1780, C4<1>, C4<1>;
L_000001fcd19b1940 .functor OR 1, L_000001fcd19b0de0, L_000001fcd19b2200, C4<0>, C4<0>;
v000001fcd1988340_0 .net *"_ivl_0", 0 0, L_000001fcd19b10f0;  1 drivers
v000001fcd1988de0_0 .net *"_ivl_10", 0 0, L_000001fcd19b2430;  1 drivers
v000001fcd19887a0_0 .net *"_ivl_12", 0 0, L_000001fcd19b0de0;  1 drivers
v000001fcd19883e0_0 .net *"_ivl_14", 0 0, L_000001fcd19b2200;  1 drivers
v000001fcd19885c0_0 .net *"_ivl_4", 0 0, L_000001fcd19b0d70;  1 drivers
v000001fcd1988660_0 .net *"_ivl_6", 0 0, L_000001fcd19b18d0;  1 drivers
v000001fcd19888e0_0 .net *"_ivl_8", 0 0, L_000001fcd19b23c0;  1 drivers
v000001fcd1989100_0 .net "borrow_in", 0 0, L_000001fcd19b1780;  alias, 1 drivers
v000001fcd1988e80_0 .net "borrow_out", 0 0, L_000001fcd19b1940;  alias, 1 drivers
v000001fcd1988f20_0 .net "subtractor_in0", 0 0, L_000001fcd19aa250;  1 drivers
v000001fcd19891a0_0 .net "subtractor_in1", 0 0, L_000001fcd19a8db0;  1 drivers
v000001fcd19892e0_0 .net "subtractor_out", 0 0, L_000001fcd19b2040;  1 drivers
S_000001fcd198c2a0 .scope module, "block5" "subtractor4bit" 3 58, 3 67 0, S_000001fcd194e2d0;
 .timescale 0 0;
    .port_info 0 /INPUT 4 "subtractor_in0";
    .port_info 1 /INPUT 4 "subtractor_in1";
    .port_info 2 /INPUT 1 "borrow_in";
    .port_info 3 /OUTPUT 4 "subtractor_out";
    .port_info 4 /OUTPUT 1 "borrow_out";
v000001fcd198ca00_0 .net "borrow_in", 0 0, L_000001fcd19b1940;  alias, 1 drivers
v000001fcd198e080_0 .net "borrow_out", 0 0, L_000001fcd19b8510;  alias, 1 drivers
v000001fcd198cdc0_0 .net "c1", 0 0, L_000001fcd19b1e80;  1 drivers
v000001fcd198dc20_0 .net "c2", 0 0, L_000001fcd19b12b0;  1 drivers
v000001fcd198cd20_0 .net "c3", 0 0, L_000001fcd19b7da0;  1 drivers
v000001fcd198e1c0_0 .net "subtractor_in0", 3 0, L_000001fcd19a9b70;  1 drivers
v000001fcd198e300_0 .net "subtractor_in1", 3 0, L_000001fcd19a9cb0;  1 drivers
v000001fcd198e440_0 .net "subtractor_out", 3 0, L_000001fcd19a9ad0;  1 drivers
L_000001fcd19a89f0 .part L_000001fcd19a9b70, 0, 1;
L_000001fcd19a8b30 .part L_000001fcd19a9cb0, 0, 1;
L_000001fcd19a8e50 .part L_000001fcd19a9b70, 1, 1;
L_000001fcd19a93f0 .part L_000001fcd19a9cb0, 1, 1;
L_000001fcd19a9490 .part L_000001fcd19a9b70, 2, 1;
L_000001fcd19a9530 .part L_000001fcd19a9cb0, 2, 1;
L_000001fcd19a9990 .part L_000001fcd19a9b70, 3, 1;
L_000001fcd19a9a30 .part L_000001fcd19a9cb0, 3, 1;
L_000001fcd19a9ad0 .concat8 [ 1 1 1 1], L_000001fcd19b19b0, L_000001fcd19b1390, L_000001fcd19b2900, L_000001fcd19b8120;
S_000001fcd198c430 .scope module, "block0" "subtractor1bit" 3 78, 3 108 0, S_000001fcd198c2a0;
 .timescale 0 0;
    .port_info 0 /INPUT 1 "subtractor_in0";
    .port_info 1 /INPUT 1 "subtractor_in1";
    .port_info 2 /INPUT 1 "borrow_in";
    .port_info 3 /OUTPUT 1 "subtractor_out";
    .port_info 4 /OUTPUT 1 "borrow_out";
L_000001fcd19b0e50 .functor XOR 1, L_000001fcd19a89f0, L_000001fcd19a8b30, C4<0>, C4<0>;
L_000001fcd19b19b0 .functor XOR 1, L_000001fcd19b0e50, L_000001fcd19b1940, C4<0>, C4<0>;
L_000001fcd19b1d30 .functor NOT 1, L_000001fcd19a89f0, C4<0>, C4<0>, C4<0>;
L_000001fcd19b2270 .functor AND 1, L_000001fcd19b1d30, L_000001fcd19a8b30, C4<1>, C4<1>;
L_000001fcd19b1cc0 .functor NOT 1, L_000001fcd19a89f0, C4<0>, C4<0>, C4<0>;
L_000001fcd19b2350 .functor AND 1, L_000001fcd19b1cc0, L_000001fcd19b1940, C4<1>, C4<1>;
L_000001fcd19b1da0 .functor OR 1, L_000001fcd19b2270, L_000001fcd19b2350, C4<0>, C4<0>;
L_000001fcd19b1e10 .functor AND 1, L_000001fcd19a8b30, L_000001fcd19b1940, C4<1>, C4<1>;
L_000001fcd19b1e80 .functor OR 1, L_000001fcd19b1da0, L_000001fcd19b1e10, C4<0>, C4<0>;
v000001fcd198caa0_0 .net *"_ivl_0", 0 0, L_000001fcd19b0e50;  1 drivers
v000001fcd198ec60_0 .net *"_ivl_10", 0 0, L_000001fcd19b2350;  1 drivers
v000001fcd198cfa0_0 .net *"_ivl_12", 0 0, L_000001fcd19b1da0;  1 drivers
v000001fcd198d680_0 .net *"_ivl_14", 0 0, L_000001fcd19b1e10;  1 drivers
v000001fcd198d400_0 .net *"_ivl_4", 0 0, L_000001fcd19b1d30;  1 drivers
v000001fcd198df40_0 .net *"_ivl_6", 0 0, L_000001fcd19b2270;  1 drivers
v000001fcd198da40_0 .net *"_ivl_8", 0 0, L_000001fcd19b1cc0;  1 drivers
v000001fcd198e760_0 .net "borrow_in", 0 0, L_000001fcd19b1940;  alias, 1 drivers
v000001fcd198d720_0 .net "borrow_out", 0 0, L_000001fcd19b1e80;  alias, 1 drivers
v000001fcd198d7c0_0 .net "subtractor_in0", 0 0, L_000001fcd19a89f0;  1 drivers
v000001fcd198d180_0 .net "subtractor_in1", 0 0, L_000001fcd19a8b30;  1 drivers
v000001fcd198d220_0 .net "subtractor_out", 0 0, L_000001fcd19b19b0;  1 drivers
S_000001fcd198c750 .scope module, "block1" "subtractor1bit" 3 85, 3 108 0, S_000001fcd198c2a0;
 .timescale 0 0;
    .port_info 0 /INPUT 1 "subtractor_in0";
    .port_info 1 /INPUT 1 "subtractor_in1";
    .port_info 2 /INPUT 1 "borrow_in";
    .port_info 3 /OUTPUT 1 "subtractor_out";
    .port_info 4 /OUTPUT 1 "borrow_out";
L_000001fcd19b1ef0 .functor XOR 1, L_000001fcd19a8e50, L_000001fcd19a93f0, C4<0>, C4<0>;
L_000001fcd19b1390 .functor XOR 1, L_000001fcd19b1ef0, L_000001fcd19b1e80, C4<0>, C4<0>;
L_000001fcd19b22e0 .functor NOT 1, L_000001fcd19a8e50, C4<0>, C4<0>, C4<0>;
L_000001fcd19b0a60 .functor AND 1, L_000001fcd19b22e0, L_000001fcd19a93f0, C4<1>, C4<1>;
L_000001fcd19b0ec0 .functor NOT 1, L_000001fcd19a8e50, C4<0>, C4<0>, C4<0>;
L_000001fcd19b1160 .functor AND 1, L_000001fcd19b0ec0, L_000001fcd19b1e80, C4<1>, C4<1>;
L_000001fcd19b11d0 .functor OR 1, L_000001fcd19b0a60, L_000001fcd19b1160, C4<0>, C4<0>;
L_000001fcd19b1240 .functor AND 1, L_000001fcd19a93f0, L_000001fcd19b1e80, C4<1>, C4<1>;
L_000001fcd19b12b0 .functor OR 1, L_000001fcd19b11d0, L_000001fcd19b1240, C4<0>, C4<0>;
v000001fcd198eee0_0 .net *"_ivl_0", 0 0, L_000001fcd19b1ef0;  1 drivers
v000001fcd198e940_0 .net *"_ivl_10", 0 0, L_000001fcd19b1160;  1 drivers
v000001fcd198dcc0_0 .net *"_ivl_12", 0 0, L_000001fcd19b11d0;  1 drivers
v000001fcd198dfe0_0 .net *"_ivl_14", 0 0, L_000001fcd19b1240;  1 drivers
v000001fcd198e9e0_0 .net *"_ivl_4", 0 0, L_000001fcd19b22e0;  1 drivers
v000001fcd198cb40_0 .net *"_ivl_6", 0 0, L_000001fcd19b0a60;  1 drivers
v000001fcd198ed00_0 .net *"_ivl_8", 0 0, L_000001fcd19b0ec0;  1 drivers
v000001fcd198d360_0 .net "borrow_in", 0 0, L_000001fcd19b1e80;  alias, 1 drivers
v000001fcd198e3a0_0 .net "borrow_out", 0 0, L_000001fcd19b12b0;  alias, 1 drivers
v000001fcd198cbe0_0 .net "subtractor_in0", 0 0, L_000001fcd19a8e50;  1 drivers
v000001fcd198eb20_0 .net "subtractor_in1", 0 0, L_000001fcd19a93f0;  1 drivers
v000001fcd198e260_0 .net "subtractor_out", 0 0, L_000001fcd19b1390;  1 drivers
S_000001fcd198b940 .scope module, "block2" "subtractor1bit" 3 92, 3 108 0, S_000001fcd198c2a0;
 .timescale 0 0;
    .port_info 0 /INPUT 1 "subtractor_in0";
    .port_info 1 /INPUT 1 "subtractor_in1";
    .port_info 2 /INPUT 1 "borrow_in";
    .port_info 3 /OUTPUT 1 "subtractor_out";
    .port_info 4 /OUTPUT 1 "borrow_out";
L_000001fcd19b2890 .functor XOR 1, L_000001fcd19a9490, L_000001fcd19a9530, C4<0>, C4<0>;
L_000001fcd19b2900 .functor XOR 1, L_000001fcd19b2890, L_000001fcd19b12b0, C4<0>, C4<0>;
L_000001fcd19b2740 .functor NOT 1, L_000001fcd19a9490, C4<0>, C4<0>, C4<0>;
L_000001fcd19b2820 .functor AND 1, L_000001fcd19b2740, L_000001fcd19a9530, C4<1>, C4<1>;
L_000001fcd19b26d0 .functor NOT 1, L_000001fcd19a9490, C4<0>, C4<0>, C4<0>;
L_000001fcd19b25f0 .functor AND 1, L_000001fcd19b26d0, L_000001fcd19b12b0, C4<1>, C4<1>;
L_000001fcd19b2660 .functor OR 1, L_000001fcd19b2820, L_000001fcd19b25f0, C4<0>, C4<0>;
L_000001fcd19b27b0 .functor AND 1, L_000001fcd19a9530, L_000001fcd19b12b0, C4<1>, C4<1>;
L_000001fcd19b7da0 .functor OR 1, L_000001fcd19b2660, L_000001fcd19b27b0, C4<0>, C4<0>;
v000001fcd198ef80_0 .net *"_ivl_0", 0 0, L_000001fcd19b2890;  1 drivers
v000001fcd198ea80_0 .net *"_ivl_10", 0 0, L_000001fcd19b25f0;  1 drivers
v000001fcd198d4a0_0 .net *"_ivl_12", 0 0, L_000001fcd19b2660;  1 drivers
v000001fcd198ce60_0 .net *"_ivl_14", 0 0, L_000001fcd19b27b0;  1 drivers
v000001fcd198cc80_0 .net *"_ivl_4", 0 0, L_000001fcd19b2740;  1 drivers
v000001fcd198f020_0 .net *"_ivl_6", 0 0, L_000001fcd19b2820;  1 drivers
v000001fcd198d040_0 .net *"_ivl_8", 0 0, L_000001fcd19b26d0;  1 drivers
v000001fcd198d0e0_0 .net "borrow_in", 0 0, L_000001fcd19b12b0;  alias, 1 drivers
v000001fcd198ebc0_0 .net "borrow_out", 0 0, L_000001fcd19b7da0;  alias, 1 drivers
v000001fcd198d860_0 .net "subtractor_in0", 0 0, L_000001fcd19a9490;  1 drivers
v000001fcd198eda0_0 .net "subtractor_in1", 0 0, L_000001fcd19a9530;  1 drivers
v000001fcd198ee40_0 .net "subtractor_out", 0 0, L_000001fcd19b2900;  1 drivers
S_000001fcd198bad0 .scope module, "block3" "subtractor1bit" 3 99, 3 108 0, S_000001fcd198c2a0;
 .timescale 0 0;
    .port_info 0 /INPUT 1 "subtractor_in0";
    .port_info 1 /INPUT 1 "subtractor_in1";
    .port_info 2 /INPUT 1 "borrow_in";
    .port_info 3 /OUTPUT 1 "subtractor_out";
    .port_info 4 /OUTPUT 1 "borrow_out";
L_000001fcd19b93f0 .functor XOR 1, L_000001fcd19a9990, L_000001fcd19a9a30, C4<0>, C4<0>;
L_000001fcd19b8120 .functor XOR 1, L_000001fcd19b93f0, L_000001fcd19b7da0, C4<0>, C4<0>;
L_000001fcd19b86d0 .functor NOT 1, L_000001fcd19a9990, C4<0>, C4<0>, C4<0>;
L_000001fcd19b9310 .functor AND 1, L_000001fcd19b86d0, L_000001fcd19a9a30, C4<1>, C4<1>;
L_000001fcd19b8f90 .functor NOT 1, L_000001fcd19a9990, C4<0>, C4<0>, C4<0>;
L_000001fcd19b9540 .functor AND 1, L_000001fcd19b8f90, L_000001fcd19b7da0, C4<1>, C4<1>;
L_000001fcd19b8430 .functor OR 1, L_000001fcd19b9310, L_000001fcd19b9540, C4<0>, C4<0>;
L_000001fcd19b8eb0 .functor AND 1, L_000001fcd19a9a30, L_000001fcd19b7da0, C4<1>, C4<1>;
L_000001fcd19b8510 .functor OR 1, L_000001fcd19b8430, L_000001fcd19b8eb0, C4<0>, C4<0>;
v000001fcd198de00_0 .net *"_ivl_0", 0 0, L_000001fcd19b93f0;  1 drivers
v000001fcd198dae0_0 .net *"_ivl_10", 0 0, L_000001fcd19b9540;  1 drivers
v000001fcd198e120_0 .net *"_ivl_12", 0 0, L_000001fcd19b8430;  1 drivers
v000001fcd198f0c0_0 .net *"_ivl_14", 0 0, L_000001fcd19b8eb0;  1 drivers
v000001fcd198d2c0_0 .net *"_ivl_4", 0 0, L_000001fcd19b86d0;  1 drivers
v000001fcd198cf00_0 .net *"_ivl_6", 0 0, L_000001fcd19b9310;  1 drivers
v000001fcd198d900_0 .net *"_ivl_8", 0 0, L_000001fcd19b8f90;  1 drivers
v000001fcd198d540_0 .net "borrow_in", 0 0, L_000001fcd19b7da0;  alias, 1 drivers
v000001fcd198c960_0 .net "borrow_out", 0 0, L_000001fcd19b8510;  alias, 1 drivers
v000001fcd198d5e0_0 .net "subtractor_in0", 0 0, L_000001fcd19a9990;  1 drivers
v000001fcd198dd60_0 .net "subtractor_in1", 0 0, L_000001fcd19a9a30;  1 drivers
v000001fcd198dea0_0 .net "subtractor_out", 0 0, L_000001fcd19b8120;  1 drivers
S_000001fcd198bf80 .scope module, "block8" "subtractor8bit" 3 26, 3 42 0, S_000001fcd189ed70;
 .timescale 0 0;
    .port_info 0 /INPUT 8 "subtractor_in0";
    .port_info 1 /INPUT 8 "subtractor_in1";
    .port_info 2 /INPUT 1 "borrow_in";
    .port_info 3 /OUTPUT 8 "subtractor_out";
    .port_info 4 /OUTPUT 1 "borrow_out";
v000001fcd199e6d0_0 .net "borrow_in", 0 0, L_000001fcd19b8510;  alias, 1 drivers
v000001fcd199d4b0_0 .net "borrow_out", 0 0, L_000001fcd19bc610;  alias, 1 drivers
v000001fcd199d730_0 .net "c4", 0 0, L_000001fcd19b8900;  1 drivers
v000001fcd199d870_0 .net "subtractor_in0", 7 0, L_000001fcd19ab290;  1 drivers
v000001fcd199dc30_0 .net "subtractor_in1", 7 0, L_000001fcd19ab6f0;  1 drivers
v000001fcd199d550_0 .net "subtractor_out", 7 0, L_000001fcd19abdd0;  1 drivers
L_000001fcd19aca50 .part L_000001fcd19ab290, 0, 4;
L_000001fcd19ab790 .part L_000001fcd19ab6f0, 0, 4;
L_000001fcd19ace10 .part L_000001fcd19ab290, 4, 4;
L_000001fcd19ab150 .part L_000001fcd19ab6f0, 4, 4;
L_000001fcd19abdd0 .concat8 [ 4 4 0 0], L_000001fcd19abc90, L_000001fcd19abd30;
S_000001fcd198bdf0 .scope module, "block4" "subtractor4bit" 3 51, 3 67 0, S_000001fcd198bf80;
 .timescale 0 0;
    .port_info 0 /INPUT 4 "subtractor_in0";
    .port_info 1 /INPUT 4 "subtractor_in1";
    .port_info 2 /INPUT 1 "borrow_in";
    .port_info 3 /OUTPUT 4 "subtractor_out";
    .port_info 4 /OUTPUT 1 "borrow_out";
v000001fcd199bed0_0 .net "borrow_in", 0 0, L_000001fcd19b8510;  alias, 1 drivers
v000001fcd199c010_0 .net "borrow_out", 0 0, L_000001fcd19b8900;  alias, 1 drivers
v000001fcd199ca10_0 .net "c1", 0 0, L_000001fcd19b8740;  1 drivers
v000001fcd199cdd0_0 .net "c2", 0 0, L_000001fcd19b8660;  1 drivers
v000001fcd199cab0_0 .net "c3", 0 0, L_000001fcd19b7ef0;  1 drivers
v000001fcd199bc50_0 .net "subtractor_in0", 3 0, L_000001fcd19aca50;  1 drivers
v000001fcd199cbf0_0 .net "subtractor_in1", 3 0, L_000001fcd19ab790;  1 drivers
v000001fcd199c790_0 .net "subtractor_out", 3 0, L_000001fcd19abc90;  1 drivers
L_000001fcd19ac9b0 .part L_000001fcd19aca50, 0, 1;
L_000001fcd19abbf0 .part L_000001fcd19ab790, 0, 1;
L_000001fcd19ac0f0 .part L_000001fcd19aca50, 1, 1;
L_000001fcd19ac370 .part L_000001fcd19ab790, 1, 1;
L_000001fcd19accd0 .part L_000001fcd19aca50, 2, 1;
L_000001fcd19aabb0 .part L_000001fcd19ab790, 2, 1;
L_000001fcd19aab10 .part L_000001fcd19aca50, 3, 1;
L_000001fcd19ad090 .part L_000001fcd19ab790, 3, 1;
L_000001fcd19abc90 .concat8 [ 1 1 1 1], L_000001fcd19b8dd0, L_000001fcd19b8820, L_000001fcd19b7f60, L_000001fcd19b8200;
S_000001fcd198bc60 .scope module, "block0" "subtractor1bit" 3 78, 3 108 0, S_000001fcd198bdf0;
 .timescale 0 0;
    .port_info 0 /INPUT 1 "subtractor_in0";
    .port_info 1 /INPUT 1 "subtractor_in1";
    .port_info 2 /INPUT 1 "borrow_in";
    .port_info 3 /OUTPUT 1 "subtractor_out";
    .port_info 4 /OUTPUT 1 "borrow_out";
L_000001fcd19b8580 .functor XOR 1, L_000001fcd19ac9b0, L_000001fcd19abbf0, C4<0>, C4<0>;
L_000001fcd19b8dd0 .functor XOR 1, L_000001fcd19b8580, L_000001fcd19b8510, C4<0>, C4<0>;
L_000001fcd19b87b0 .functor NOT 1, L_000001fcd19ac9b0, C4<0>, C4<0>, C4<0>;
L_000001fcd19b84a0 .functor AND 1, L_000001fcd19b87b0, L_000001fcd19abbf0, C4<1>, C4<1>;
L_000001fcd19b9150 .functor NOT 1, L_000001fcd19ac9b0, C4<0>, C4<0>, C4<0>;
L_000001fcd19b9380 .functor AND 1, L_000001fcd19b9150, L_000001fcd19b8510, C4<1>, C4<1>;
L_000001fcd19b9460 .functor OR 1, L_000001fcd19b84a0, L_000001fcd19b9380, C4<0>, C4<0>;
L_000001fcd19b89e0 .functor AND 1, L_000001fcd19abbf0, L_000001fcd19b8510, C4<1>, C4<1>;
L_000001fcd19b8740 .functor OR 1, L_000001fcd19b9460, L_000001fcd19b89e0, C4<0>, C4<0>;
v000001fcd198f480_0 .net *"_ivl_0", 0 0, L_000001fcd19b8580;  1 drivers
v000001fcd198f840_0 .net *"_ivl_10", 0 0, L_000001fcd19b9380;  1 drivers
v000001fcd198ffc0_0 .net *"_ivl_12", 0 0, L_000001fcd19b9460;  1 drivers
v000001fcd198fac0_0 .net *"_ivl_14", 0 0, L_000001fcd19b89e0;  1 drivers
v000001fcd198f980_0 .net *"_ivl_4", 0 0, L_000001fcd19b87b0;  1 drivers
v000001fcd19902e0_0 .net *"_ivl_6", 0 0, L_000001fcd19b84a0;  1 drivers
v000001fcd198f160_0 .net *"_ivl_8", 0 0, L_000001fcd19b9150;  1 drivers
v000001fcd19904c0_0 .net "borrow_in", 0 0, L_000001fcd19b8510;  alias, 1 drivers
v000001fcd198fde0_0 .net "borrow_out", 0 0, L_000001fcd19b8740;  alias, 1 drivers
v000001fcd1990560_0 .net "subtractor_in0", 0 0, L_000001fcd19ac9b0;  1 drivers
v000001fcd198fc00_0 .net "subtractor_in1", 0 0, L_000001fcd19abbf0;  1 drivers
v000001fcd198fca0_0 .net "subtractor_out", 0 0, L_000001fcd19b8dd0;  1 drivers
S_000001fcd1999460 .scope module, "block1" "subtractor1bit" 3 85, 3 108 0, S_000001fcd198bdf0;
 .timescale 0 0;
    .port_info 0 /INPUT 1 "subtractor_in0";
    .port_info 1 /INPUT 1 "subtractor_in1";
    .port_info 2 /INPUT 1 "borrow_in";
    .port_info 3 /OUTPUT 1 "subtractor_out";
    .port_info 4 /OUTPUT 1 "borrow_out";
L_000001fcd19b94d0 .functor XOR 1, L_000001fcd19ac0f0, L_000001fcd19ac370, C4<0>, C4<0>;
L_000001fcd19b8820 .functor XOR 1, L_000001fcd19b94d0, L_000001fcd19b8740, C4<0>, C4<0>;
L_000001fcd19b8a50 .functor NOT 1, L_000001fcd19ac0f0, C4<0>, C4<0>, C4<0>;
L_000001fcd19b8ac0 .functor AND 1, L_000001fcd19b8a50, L_000001fcd19ac370, C4<1>, C4<1>;
L_000001fcd19b7b00 .functor NOT 1, L_000001fcd19ac0f0, C4<0>, C4<0>, C4<0>;
L_000001fcd19b8ba0 .functor AND 1, L_000001fcd19b7b00, L_000001fcd19b8740, C4<1>, C4<1>;
L_000001fcd19b85f0 .functor OR 1, L_000001fcd19b8ac0, L_000001fcd19b8ba0, C4<0>, C4<0>;
L_000001fcd19b7e10 .functor AND 1, L_000001fcd19ac370, L_000001fcd19b8740, C4<1>, C4<1>;
L_000001fcd19b8660 .functor OR 1, L_000001fcd19b85f0, L_000001fcd19b7e10, C4<0>, C4<0>;
v000001fcd19901a0_0 .net *"_ivl_0", 0 0, L_000001fcd19b94d0;  1 drivers
v000001fcd198ff20_0 .net *"_ivl_10", 0 0, L_000001fcd19b8ba0;  1 drivers
v000001fcd198f700_0 .net *"_ivl_12", 0 0, L_000001fcd19b85f0;  1 drivers
v000001fcd1990420_0 .net *"_ivl_14", 0 0, L_000001fcd19b7e10;  1 drivers
v000001fcd198fa20_0 .net *"_ivl_4", 0 0, L_000001fcd19b8a50;  1 drivers
v000001fcd198f520_0 .net *"_ivl_6", 0 0, L_000001fcd19b8ac0;  1 drivers
v000001fcd19907e0_0 .net *"_ivl_8", 0 0, L_000001fcd19b7b00;  1 drivers
v000001fcd198fb60_0 .net "borrow_in", 0 0, L_000001fcd19b8740;  alias, 1 drivers
v000001fcd1990600_0 .net "borrow_out", 0 0, L_000001fcd19b8660;  alias, 1 drivers
v000001fcd198f200_0 .net "subtractor_in0", 0 0, L_000001fcd19ac0f0;  1 drivers
v000001fcd1990740_0 .net "subtractor_in1", 0 0, L_000001fcd19ac370;  1 drivers
v000001fcd1990060_0 .net "subtractor_out", 0 0, L_000001fcd19b8820;  1 drivers
S_000001fcd199a0e0 .scope module, "block2" "subtractor1bit" 3 92, 3 108 0, S_000001fcd198bdf0;
 .timescale 0 0;
    .port_info 0 /INPUT 1 "subtractor_in0";
    .port_info 1 /INPUT 1 "subtractor_in1";
    .port_info 2 /INPUT 1 "borrow_in";
    .port_info 3 /OUTPUT 1 "subtractor_out";
    .port_info 4 /OUTPUT 1 "borrow_out";
L_000001fcd19b7b70 .functor XOR 1, L_000001fcd19accd0, L_000001fcd19aabb0, C4<0>, C4<0>;
L_000001fcd19b7f60 .functor XOR 1, L_000001fcd19b7b70, L_000001fcd19b8660, C4<0>, C4<0>;
L_000001fcd19b8270 .functor NOT 1, L_000001fcd19accd0, C4<0>, C4<0>, C4<0>;
L_000001fcd19b8890 .functor AND 1, L_000001fcd19b8270, L_000001fcd19aabb0, C4<1>, C4<1>;
L_000001fcd19b8040 .functor NOT 1, L_000001fcd19accd0, C4<0>, C4<0>, C4<0>;
L_000001fcd19b90e0 .functor AND 1, L_000001fcd19b8040, L_000001fcd19b8660, C4<1>, C4<1>;
L_000001fcd19b80b0 .functor OR 1, L_000001fcd19b8890, L_000001fcd19b90e0, C4<0>, C4<0>;
L_000001fcd19b95b0 .functor AND 1, L_000001fcd19aabb0, L_000001fcd19b8660, C4<1>, C4<1>;
L_000001fcd19b7ef0 .functor OR 1, L_000001fcd19b80b0, L_000001fcd19b95b0, C4<0>, C4<0>;
v000001fcd1990240_0 .net *"_ivl_0", 0 0, L_000001fcd19b7b70;  1 drivers
v000001fcd198f2a0_0 .net *"_ivl_10", 0 0, L_000001fcd19b90e0;  1 drivers
v000001fcd198f340_0 .net *"_ivl_12", 0 0, L_000001fcd19b80b0;  1 drivers
v000001fcd1990380_0 .net *"_ivl_14", 0 0, L_000001fcd19b95b0;  1 drivers
v000001fcd198f7a0_0 .net *"_ivl_4", 0 0, L_000001fcd19b8270;  1 drivers
v000001fcd198f3e0_0 .net *"_ivl_6", 0 0, L_000001fcd19b8890;  1 drivers
v000001fcd198f5c0_0 .net *"_ivl_8", 0 0, L_000001fcd19b8040;  1 drivers
v000001fcd199b250_0 .net "borrow_in", 0 0, L_000001fcd19b8660;  alias, 1 drivers
v000001fcd199cf10_0 .net "borrow_out", 0 0, L_000001fcd19b7ef0;  alias, 1 drivers
v000001fcd199b070_0 .net "subtractor_in0", 0 0, L_000001fcd19accd0;  1 drivers
v000001fcd199c8d0_0 .net "subtractor_in1", 0 0, L_000001fcd19aabb0;  1 drivers
v000001fcd199b7f0_0 .net "subtractor_out", 0 0, L_000001fcd19b7f60;  1 drivers
S_000001fcd199a590 .scope module, "block3" "subtractor1bit" 3 99, 3 108 0, S_000001fcd198bdf0;
 .timescale 0 0;
    .port_info 0 /INPUT 1 "subtractor_in0";
    .port_info 1 /INPUT 1 "subtractor_in1";
    .port_info 2 /INPUT 1 "borrow_in";
    .port_info 3 /OUTPUT 1 "subtractor_out";
    .port_info 4 /OUTPUT 1 "borrow_out";
L_000001fcd19b8cf0 .functor XOR 1, L_000001fcd19aab10, L_000001fcd19ad090, C4<0>, C4<0>;
L_000001fcd19b8200 .functor XOR 1, L_000001fcd19b8cf0, L_000001fcd19b7ef0, C4<0>, C4<0>;
L_000001fcd19b9000 .functor NOT 1, L_000001fcd19aab10, C4<0>, C4<0>, C4<0>;
L_000001fcd19b7a20 .functor AND 1, L_000001fcd19b9000, L_000001fcd19ad090, C4<1>, C4<1>;
L_000001fcd19b8b30 .functor NOT 1, L_000001fcd19aab10, C4<0>, C4<0>, C4<0>;
L_000001fcd19b8c10 .functor AND 1, L_000001fcd19b8b30, L_000001fcd19b7ef0, C4<1>, C4<1>;
L_000001fcd19b91c0 .functor OR 1, L_000001fcd19b7a20, L_000001fcd19b8c10, C4<0>, C4<0>;
L_000001fcd19b7c50 .functor AND 1, L_000001fcd19ad090, L_000001fcd19b7ef0, C4<1>, C4<1>;
L_000001fcd19b8900 .functor OR 1, L_000001fcd19b91c0, L_000001fcd19b7c50, C4<0>, C4<0>;
v000001fcd199aa30_0 .net *"_ivl_0", 0 0, L_000001fcd19b8cf0;  1 drivers
v000001fcd199bf70_0 .net *"_ivl_10", 0 0, L_000001fcd19b8c10;  1 drivers
v000001fcd199be30_0 .net *"_ivl_12", 0 0, L_000001fcd19b91c0;  1 drivers
v000001fcd199b9d0_0 .net *"_ivl_14", 0 0, L_000001fcd19b7c50;  1 drivers
v000001fcd199af30_0 .net *"_ivl_4", 0 0, L_000001fcd19b9000;  1 drivers
v000001fcd199aad0_0 .net *"_ivl_6", 0 0, L_000001fcd19b7a20;  1 drivers
v000001fcd199bbb0_0 .net *"_ivl_8", 0 0, L_000001fcd19b8b30;  1 drivers
v000001fcd199c830_0 .net "borrow_in", 0 0, L_000001fcd19b7ef0;  alias, 1 drivers
v000001fcd199afd0_0 .net "borrow_out", 0 0, L_000001fcd19b8900;  alias, 1 drivers
v000001fcd199b750_0 .net "subtractor_in0", 0 0, L_000001fcd19aab10;  1 drivers
v000001fcd199c1f0_0 .net "subtractor_in1", 0 0, L_000001fcd19ad090;  1 drivers
v000001fcd199c970_0 .net "subtractor_out", 0 0, L_000001fcd19b8200;  1 drivers
S_000001fcd199a720 .scope module, "block5" "subtractor4bit" 3 58, 3 67 0, S_000001fcd198bf80;
 .timescale 0 0;
    .port_info 0 /INPUT 4 "subtractor_in0";
    .port_info 1 /INPUT 4 "subtractor_in1";
    .port_info 2 /INPUT 1 "borrow_in";
    .port_info 3 /OUTPUT 4 "subtractor_out";
    .port_info 4 /OUTPUT 1 "borrow_out";
v000001fcd199e630_0 .net "borrow_in", 0 0, L_000001fcd19b8900;  alias, 1 drivers
v000001fcd199d910_0 .net "borrow_out", 0 0, L_000001fcd19bc610;  alias, 1 drivers
v000001fcd199d230_0 .net "c1", 0 0, L_000001fcd19b92a0;  1 drivers
v000001fcd199d2d0_0 .net "c2", 0 0, L_000001fcd19b83c0;  1 drivers
v000001fcd199daf0_0 .net "c3", 0 0, L_000001fcd19bc060;  1 drivers
v000001fcd199df50_0 .net "subtractor_in0", 3 0, L_000001fcd19ace10;  1 drivers
v000001fcd199e130_0 .net "subtractor_in1", 3 0, L_000001fcd19ab150;  1 drivers
v000001fcd199db90_0 .net "subtractor_out", 3 0, L_000001fcd19abd30;  1 drivers
L_000001fcd19ab830 .part L_000001fcd19ace10, 0, 1;
L_000001fcd19ac870 .part L_000001fcd19ab150, 0, 1;
L_000001fcd19abe70 .part L_000001fcd19ace10, 1, 1;
L_000001fcd19abab0 .part L_000001fcd19ab150, 1, 1;
L_000001fcd19ac190 .part L_000001fcd19ace10, 2, 1;
L_000001fcd19aac50 .part L_000001fcd19ab150, 2, 1;
L_000001fcd19aacf0 .part L_000001fcd19ace10, 3, 1;
L_000001fcd19acd70 .part L_000001fcd19ab150, 3, 1;
L_000001fcd19abd30 .concat8 [ 1 1 1 1], L_000001fcd19b7a90, L_000001fcd19b7d30, L_000001fcd19b9770, L_000001fcd19bd020;
S_000001fcd1999aa0 .scope module, "block0" "subtractor1bit" 3 78, 3 108 0, S_000001fcd199a720;
 .timescale 0 0;
    .port_info 0 /INPUT 1 "subtractor_in0";
    .port_info 1 /INPUT 1 "subtractor_in1";
    .port_info 2 /INPUT 1 "borrow_in";
    .port_info 3 /OUTPUT 1 "subtractor_out";
    .port_info 4 /OUTPUT 1 "borrow_out";
L_000001fcd19b8c80 .functor XOR 1, L_000001fcd19ab830, L_000001fcd19ac870, C4<0>, C4<0>;
L_000001fcd19b7a90 .functor XOR 1, L_000001fcd19b8c80, L_000001fcd19b8900, C4<0>, C4<0>;
L_000001fcd19b8970 .functor NOT 1, L_000001fcd19ab830, C4<0>, C4<0>, C4<0>;
L_000001fcd19b8d60 .functor AND 1, L_000001fcd19b8970, L_000001fcd19ac870, C4<1>, C4<1>;
L_000001fcd19b7be0 .functor NOT 1, L_000001fcd19ab830, C4<0>, C4<0>, C4<0>;
L_000001fcd19b9070 .functor AND 1, L_000001fcd19b7be0, L_000001fcd19b8900, C4<1>, C4<1>;
L_000001fcd19b9230 .functor OR 1, L_000001fcd19b8d60, L_000001fcd19b9070, C4<0>, C4<0>;
L_000001fcd19b7fd0 .functor AND 1, L_000001fcd19ac870, L_000001fcd19b8900, C4<1>, C4<1>;
L_000001fcd19b92a0 .functor OR 1, L_000001fcd19b9230, L_000001fcd19b7fd0, C4<0>, C4<0>;
v000001fcd199c0b0_0 .net *"_ivl_0", 0 0, L_000001fcd19b8c80;  1 drivers
v000001fcd199ad50_0 .net *"_ivl_10", 0 0, L_000001fcd19b9070;  1 drivers
v000001fcd199b890_0 .net *"_ivl_12", 0 0, L_000001fcd19b9230;  1 drivers
v000001fcd199c470_0 .net *"_ivl_14", 0 0, L_000001fcd19b7fd0;  1 drivers
v000001fcd199c290_0 .net *"_ivl_4", 0 0, L_000001fcd19b8970;  1 drivers
v000001fcd199c150_0 .net *"_ivl_6", 0 0, L_000001fcd19b8d60;  1 drivers
v000001fcd199c510_0 .net *"_ivl_8", 0 0, L_000001fcd19b7be0;  1 drivers
v000001fcd199ba70_0 .net "borrow_in", 0 0, L_000001fcd19b8900;  alias, 1 drivers
v000001fcd199cc90_0 .net "borrow_out", 0 0, L_000001fcd19b92a0;  alias, 1 drivers
v000001fcd199bb10_0 .net "subtractor_in0", 0 0, L_000001fcd19ab830;  1 drivers
v000001fcd199b930_0 .net "subtractor_in1", 0 0, L_000001fcd19ac870;  1 drivers
v000001fcd199cb50_0 .net "subtractor_out", 0 0, L_000001fcd19b7a90;  1 drivers
S_000001fcd199a400 .scope module, "block1" "subtractor1bit" 3 85, 3 108 0, S_000001fcd199a720;
 .timescale 0 0;
    .port_info 0 /INPUT 1 "subtractor_in0";
    .port_info 1 /INPUT 1 "subtractor_in1";
    .port_info 2 /INPUT 1 "borrow_in";
    .port_info 3 /OUTPUT 1 "subtractor_out";
    .port_info 4 /OUTPUT 1 "borrow_out";
L_000001fcd19b7cc0 .functor XOR 1, L_000001fcd19abe70, L_000001fcd19abab0, C4<0>, C4<0>;
L_000001fcd19b7d30 .functor XOR 1, L_000001fcd19b7cc0, L_000001fcd19b92a0, C4<0>, C4<0>;
L_000001fcd19b7e80 .functor NOT 1, L_000001fcd19abe70, C4<0>, C4<0>, C4<0>;
L_000001fcd19b8190 .functor AND 1, L_000001fcd19b7e80, L_000001fcd19abab0, C4<1>, C4<1>;
L_000001fcd19b8e40 .functor NOT 1, L_000001fcd19abe70, C4<0>, C4<0>, C4<0>;
L_000001fcd19b8f20 .functor AND 1, L_000001fcd19b8e40, L_000001fcd19b92a0, C4<1>, C4<1>;
L_000001fcd19b82e0 .functor OR 1, L_000001fcd19b8190, L_000001fcd19b8f20, C4<0>, C4<0>;
L_000001fcd19b8350 .functor AND 1, L_000001fcd19abab0, L_000001fcd19b92a0, C4<1>, C4<1>;
L_000001fcd19b83c0 .functor OR 1, L_000001fcd19b82e0, L_000001fcd19b8350, C4<0>, C4<0>;
v000001fcd199ac10_0 .net *"_ivl_0", 0 0, L_000001fcd19b7cc0;  1 drivers
v000001fcd199c5b0_0 .net *"_ivl_10", 0 0, L_000001fcd19b8f20;  1 drivers
v000001fcd199cd30_0 .net *"_ivl_12", 0 0, L_000001fcd19b82e0;  1 drivers
v000001fcd199bd90_0 .net *"_ivl_14", 0 0, L_000001fcd19b8350;  1 drivers
v000001fcd199bcf0_0 .net *"_ivl_4", 0 0, L_000001fcd19b7e80;  1 drivers
v000001fcd199b110_0 .net *"_ivl_6", 0 0, L_000001fcd19b8190;  1 drivers
v000001fcd199c330_0 .net *"_ivl_8", 0 0, L_000001fcd19b8e40;  1 drivers
v000001fcd199ce70_0 .net "borrow_in", 0 0, L_000001fcd19b92a0;  alias, 1 drivers
v000001fcd199b2f0_0 .net "borrow_out", 0 0, L_000001fcd19b83c0;  alias, 1 drivers
v000001fcd199c3d0_0 .net "subtractor_in0", 0 0, L_000001fcd19abe70;  1 drivers
v000001fcd199b1b0_0 .net "subtractor_in1", 0 0, L_000001fcd19abab0;  1 drivers
v000001fcd199cfb0_0 .net "subtractor_out", 0 0, L_000001fcd19b7d30;  1 drivers
S_000001fcd199a270 .scope module, "block2" "subtractor1bit" 3 92, 3 108 0, S_000001fcd199a720;
 .timescale 0 0;
    .port_info 0 /INPUT 1 "subtractor_in0";
    .port_info 1 /INPUT 1 "subtractor_in1";
    .port_info 2 /INPUT 1 "borrow_in";
    .port_info 3 /OUTPUT 1 "subtractor_out";
    .port_info 4 /OUTPUT 1 "borrow_out";
L_000001fcd19b97e0 .functor XOR 1, L_000001fcd19ac190, L_000001fcd19aac50, C4<0>, C4<0>;
L_000001fcd19b9770 .functor XOR 1, L_000001fcd19b97e0, L_000001fcd19b83c0, C4<0>, C4<0>;
L_000001fcd19b9690 .functor NOT 1, L_000001fcd19ac190, C4<0>, C4<0>, C4<0>;
L_000001fcd19b98c0 .functor AND 1, L_000001fcd19b9690, L_000001fcd19aac50, C4<1>, C4<1>;
L_000001fcd19b9930 .functor NOT 1, L_000001fcd19ac190, C4<0>, C4<0>, C4<0>;
L_000001fcd19b9850 .functor AND 1, L_000001fcd19b9930, L_000001fcd19b83c0, C4<1>, C4<1>;
L_000001fcd19b9620 .functor OR 1, L_000001fcd19b98c0, L_000001fcd19b9850, C4<0>, C4<0>;
L_000001fcd19b9700 .functor AND 1, L_000001fcd19aac50, L_000001fcd19b83c0, C4<1>, C4<1>;
L_000001fcd19bc060 .functor OR 1, L_000001fcd19b9620, L_000001fcd19b9700, C4<0>, C4<0>;
v000001fcd199c650_0 .net *"_ivl_0", 0 0, L_000001fcd19b97e0;  1 drivers
v000001fcd199c6f0_0 .net *"_ivl_10", 0 0, L_000001fcd19b9850;  1 drivers
v000001fcd199d050_0 .net *"_ivl_12", 0 0, L_000001fcd19b9620;  1 drivers
v000001fcd199d0f0_0 .net *"_ivl_14", 0 0, L_000001fcd19b9700;  1 drivers
v000001fcd199a990_0 .net *"_ivl_4", 0 0, L_000001fcd19b9690;  1 drivers
v000001fcd199ab70_0 .net *"_ivl_6", 0 0, L_000001fcd19b98c0;  1 drivers
v000001fcd199acb0_0 .net *"_ivl_8", 0 0, L_000001fcd19b9930;  1 drivers
v000001fcd199adf0_0 .net "borrow_in", 0 0, L_000001fcd19b83c0;  alias, 1 drivers
v000001fcd199ae90_0 .net "borrow_out", 0 0, L_000001fcd19bc060;  alias, 1 drivers
v000001fcd199b390_0 .net "subtractor_in0", 0 0, L_000001fcd19ac190;  1 drivers
v000001fcd199b430_0 .net "subtractor_in1", 0 0, L_000001fcd19aac50;  1 drivers
v000001fcd199b4d0_0 .net "subtractor_out", 0 0, L_000001fcd19b9770;  1 drivers
S_000001fcd1998970 .scope module, "block3" "subtractor1bit" 3 99, 3 108 0, S_000001fcd199a720;
 .timescale 0 0;
    .port_info 0 /INPUT 1 "subtractor_in0";
    .port_info 1 /INPUT 1 "subtractor_in1";
    .port_info 2 /INPUT 1 "borrow_in";
    .port_info 3 /OUTPUT 1 "subtractor_out";
    .port_info 4 /OUTPUT 1 "borrow_out";
L_000001fcd19bc450 .functor XOR 1, L_000001fcd19aacf0, L_000001fcd19acd70, C4<0>, C4<0>;
L_000001fcd19bd020 .functor XOR 1, L_000001fcd19bc450, L_000001fcd19bc060, C4<0>, C4<0>;
L_000001fcd19bbab0 .functor NOT 1, L_000001fcd19aacf0, C4<0>, C4<0>, C4<0>;
L_000001fcd19bcbc0 .functor AND 1, L_000001fcd19bbab0, L_000001fcd19acd70, C4<1>, C4<1>;
L_000001fcd19bce60 .functor NOT 1, L_000001fcd19aacf0, C4<0>, C4<0>, C4<0>;
L_000001fcd19bbe30 .functor AND 1, L_000001fcd19bce60, L_000001fcd19bc060, C4<1>, C4<1>;
L_000001fcd19bcdf0 .functor OR 1, L_000001fcd19bcbc0, L_000001fcd19bbe30, C4<0>, C4<0>;
L_000001fcd19bc7d0 .functor AND 1, L_000001fcd19acd70, L_000001fcd19bc060, C4<1>, C4<1>;
L_000001fcd19bc610 .functor OR 1, L_000001fcd19bcdf0, L_000001fcd19bc7d0, C4<0>, C4<0>;
v000001fcd199b570_0 .net *"_ivl_0", 0 0, L_000001fcd19bc450;  1 drivers
v000001fcd199b610_0 .net *"_ivl_10", 0 0, L_000001fcd19bbe30;  1 drivers
v000001fcd199b6b0_0 .net *"_ivl_12", 0 0, L_000001fcd19bcdf0;  1 drivers
v000001fcd199dcd0_0 .net *"_ivl_14", 0 0, L_000001fcd19bc7d0;  1 drivers
v000001fcd199e770_0 .net *"_ivl_4", 0 0, L_000001fcd19bbab0;  1 drivers
v000001fcd199d7d0_0 .net *"_ivl_6", 0 0, L_000001fcd19bcbc0;  1 drivers
v000001fcd199e450_0 .net *"_ivl_8", 0 0, L_000001fcd19bce60;  1 drivers
v000001fcd199e4f0_0 .net "borrow_in", 0 0, L_000001fcd19bc060;  alias, 1 drivers
v000001fcd199d690_0 .net "borrow_out", 0 0, L_000001fcd19bc610;  alias, 1 drivers
v000001fcd199dd70_0 .net "subtractor_in0", 0 0, L_000001fcd19aacf0;  1 drivers
v000001fcd199deb0_0 .net "subtractor_in1", 0 0, L_000001fcd19acd70;  1 drivers
v000001fcd199e590_0 .net "subtractor_out", 0 0, L_000001fcd19bd020;  1 drivers
S_000001fcd1998b00 .scope module, "block9" "subtractor8bit" 3 33, 3 42 0, S_000001fcd189ed70;
 .timescale 0 0;
    .port_info 0 /INPUT 8 "subtractor_in0";
    .port_info 1 /INPUT 8 "subtractor_in1";
    .port_info 2 /INPUT 1 "borrow_in";
    .port_info 3 /OUTPUT 8 "subtractor_out";
    .port_info 4 /OUTPUT 1 "borrow_out";
v000001fcd19a3790_0 .net "borrow_in", 0 0, L_000001fcd19bc610;  alias, 1 drivers
v000001fcd19a3830_0 .net "borrow_out", 0 0, L_000001fcd19be700;  alias, 1 drivers
v000001fcd19a21b0_0 .net "c4", 0 0, L_000001fcd19bc530;  1 drivers
v000001fcd19aa7f0_0 .net "subtractor_in0", 7 0, L_000001fcd19acb90;  1 drivers
v000001fcd19a8770_0 .net "subtractor_in1", 7 0, L_000001fcd19ac730;  1 drivers
v000001fcd19aa430_0 .net "subtractor_out", 7 0, L_000001fcd19aaa70;  1 drivers
L_000001fcd19aad90 .part L_000001fcd19acb90, 0, 4;
L_000001fcd19acaf0 .part L_000001fcd19ac730, 0, 4;
L_000001fcd19ac5f0 .part L_000001fcd19acb90, 4, 4;
L_000001fcd19aa9d0 .part L_000001fcd19ac730, 4, 4;
L_000001fcd19aaa70 .concat8 [ 4 4 0 0], L_000001fcd19ac550, L_000001fcd19ac910;
S_000001fcd1998c90 .scope module, "block4" "subtractor4bit" 3 51, 3 67 0, S_000001fcd1998b00;
 .timescale 0 0;
    .port_info 0 /INPUT 4 "subtractor_in0";
    .port_info 1 /INPUT 4 "subtractor_in1";
    .port_info 2 /INPUT 1 "borrow_in";
    .port_info 3 /OUTPUT 4 "subtractor_out";
    .port_info 4 /OUTPUT 1 "borrow_out";
v000001fcd19a0f90_0 .net "borrow_in", 0 0, L_000001fcd19bc610;  alias, 1 drivers
v000001fcd19a1210_0 .net "borrow_out", 0 0, L_000001fcd19bc530;  alias, 1 drivers
v000001fcd19a1d50_0 .net "c1", 0 0, L_000001fcd19bc680;  1 drivers
v000001fcd19a0630_0 .net "c2", 0 0, L_000001fcd19bc920;  1 drivers
v000001fcd19a10d0_0 .net "c3", 0 0, L_000001fcd19bbd50;  1 drivers
v000001fcd19a1170_0 .net "subtractor_in0", 3 0, L_000001fcd19aad90;  1 drivers
v000001fcd19a1e90_0 .net "subtractor_in1", 3 0, L_000001fcd19acaf0;  1 drivers
v000001fcd19a1530_0 .net "subtractor_out", 3 0, L_000001fcd19ac550;  1 drivers
L_000001fcd19ac230 .part L_000001fcd19aad90, 0, 1;
L_000001fcd19ac410 .part L_000001fcd19acaf0, 0, 1;
L_000001fcd19acf50 .part L_000001fcd19aad90, 1, 1;
L_000001fcd19ac4b0 .part L_000001fcd19acaf0, 1, 1;
L_000001fcd19ac2d0 .part L_000001fcd19aad90, 2, 1;
L_000001fcd19abfb0 .part L_000001fcd19acaf0, 2, 1;
L_000001fcd19ad130 .part L_000001fcd19aad90, 3, 1;
L_000001fcd19ab1f0 .part L_000001fcd19acaf0, 3, 1;
L_000001fcd19ac550 .concat8 [ 1 1 1 1], L_000001fcd19bc840, L_000001fcd19bbf80, L_000001fcd19bd250, L_000001fcd19bd5d0;
S_000001fcd1998e20 .scope module, "block0" "subtractor1bit" 3 78, 3 108 0, S_000001fcd1998c90;
 .timescale 0 0;
    .port_info 0 /INPUT 1 "subtractor_in0";
    .port_info 1 /INPUT 1 "subtractor_in1";
    .port_info 2 /INPUT 1 "borrow_in";
    .port_info 3 /OUTPUT 1 "subtractor_out";
    .port_info 4 /OUTPUT 1 "borrow_out";
L_000001fcd19bd410 .functor XOR 1, L_000001fcd19ac230, L_000001fcd19ac410, C4<0>, C4<0>;
L_000001fcd19bc840 .functor XOR 1, L_000001fcd19bd410, L_000001fcd19bc610, C4<0>, C4<0>;
L_000001fcd19bca70 .functor NOT 1, L_000001fcd19ac230, C4<0>, C4<0>, C4<0>;
L_000001fcd19bcae0 .functor AND 1, L_000001fcd19bca70, L_000001fcd19ac410, C4<1>, C4<1>;
L_000001fcd19bbb20 .functor NOT 1, L_000001fcd19ac230, C4<0>, C4<0>, C4<0>;
L_000001fcd19bcc30 .functor AND 1, L_000001fcd19bbb20, L_000001fcd19bc610, C4<1>, C4<1>;
L_000001fcd19bc5a0 .functor OR 1, L_000001fcd19bcae0, L_000001fcd19bcc30, C4<0>, C4<0>;
L_000001fcd19bbdc0 .functor AND 1, L_000001fcd19ac410, L_000001fcd19bc610, C4<1>, C4<1>;
L_000001fcd19bc680 .functor OR 1, L_000001fcd19bc5a0, L_000001fcd19bbdc0, C4<0>, C4<0>;
v000001fcd199d9b0_0 .net *"_ivl_0", 0 0, L_000001fcd19bd410;  1 drivers
v000001fcd199d410_0 .net *"_ivl_10", 0 0, L_000001fcd19bcc30;  1 drivers
v000001fcd199e090_0 .net *"_ivl_12", 0 0, L_000001fcd19bc5a0;  1 drivers
v000001fcd199de10_0 .net *"_ivl_14", 0 0, L_000001fcd19bbdc0;  1 drivers
v000001fcd199e810_0 .net *"_ivl_4", 0 0, L_000001fcd19bca70;  1 drivers
v000001fcd199e3b0_0 .net *"_ivl_6", 0 0, L_000001fcd19bcae0;  1 drivers
v000001fcd199e1d0_0 .net *"_ivl_8", 0 0, L_000001fcd19bbb20;  1 drivers
v000001fcd199dff0_0 .net "borrow_in", 0 0, L_000001fcd19bc610;  alias, 1 drivers
v000001fcd199d190_0 .net "borrow_out", 0 0, L_000001fcd19bc680;  alias, 1 drivers
v000001fcd199e270_0 .net "subtractor_in0", 0 0, L_000001fcd19ac230;  1 drivers
v000001fcd199d370_0 .net "subtractor_in1", 0 0, L_000001fcd19ac410;  1 drivers
v000001fcd199e310_0 .net "subtractor_out", 0 0, L_000001fcd19bc840;  1 drivers
S_000001fcd1998fb0 .scope module, "block1" "subtractor1bit" 3 85, 3 108 0, S_000001fcd1998c90;
 .timescale 0 0;
    .port_info 0 /INPUT 1 "subtractor_in0";
    .port_info 1 /INPUT 1 "subtractor_in1";
    .port_info 2 /INPUT 1 "borrow_in";
    .port_info 3 /OUTPUT 1 "subtractor_out";
    .port_info 4 /OUTPUT 1 "borrow_out";
L_000001fcd19bbb90 .functor XOR 1, L_000001fcd19acf50, L_000001fcd19ac4b0, C4<0>, C4<0>;
L_000001fcd19bbf80 .functor XOR 1, L_000001fcd19bbb90, L_000001fcd19bc680, C4<0>, C4<0>;
L_000001fcd19bc290 .functor NOT 1, L_000001fcd19acf50, C4<0>, C4<0>, C4<0>;
L_000001fcd19bc4c0 .functor AND 1, L_000001fcd19bc290, L_000001fcd19ac4b0, C4<1>, C4<1>;
L_000001fcd19bc220 .functor NOT 1, L_000001fcd19acf50, C4<0>, C4<0>, C4<0>;
L_000001fcd19bc3e0 .functor AND 1, L_000001fcd19bc220, L_000001fcd19bc680, C4<1>, C4<1>;
L_000001fcd19bd100 .functor OR 1, L_000001fcd19bc4c0, L_000001fcd19bc3e0, C4<0>, C4<0>;
L_000001fcd19bca00 .functor AND 1, L_000001fcd19ac4b0, L_000001fcd19bc680, C4<1>, C4<1>;
L_000001fcd19bc920 .functor OR 1, L_000001fcd19bd100, L_000001fcd19bca00, C4<0>, C4<0>;
v000001fcd199d5f0_0 .net *"_ivl_0", 0 0, L_000001fcd19bbb90;  1 drivers
v000001fcd199da50_0 .net *"_ivl_10", 0 0, L_000001fcd19bc3e0;  1 drivers
v000001fcd199fe10_0 .net *"_ivl_12", 0 0, L_000001fcd19bd100;  1 drivers
v000001fcd19a0a90_0 .net *"_ivl_14", 0 0, L_000001fcd19bca00;  1 drivers
v000001fcd19a1ad0_0 .net *"_ivl_4", 0 0, L_000001fcd19bc290;  1 drivers
v000001fcd19a1fd0_0 .net *"_ivl_6", 0 0, L_000001fcd19bc4c0;  1 drivers
v000001fcd19a1f30_0 .net *"_ivl_8", 0 0, L_000001fcd19bc220;  1 drivers
v000001fcd19a1990_0 .net "borrow_in", 0 0, L_000001fcd19bc680;  alias, 1 drivers
v000001fcd19a13f0_0 .net "borrow_out", 0 0, L_000001fcd19bc920;  alias, 1 drivers
v000001fcd19a0d10_0 .net "subtractor_in0", 0 0, L_000001fcd19acf50;  1 drivers
v000001fcd199ff50_0 .net "subtractor_in1", 0 0, L_000001fcd19ac4b0;  1 drivers
v000001fcd19a1030_0 .net "subtractor_out", 0 0, L_000001fcd19bbf80;  1 drivers
S_000001fcd1999f50 .scope module, "block2" "subtractor1bit" 3 92, 3 108 0, S_000001fcd1998c90;
 .timescale 0 0;
    .port_info 0 /INPUT 1 "subtractor_in0";
    .port_info 1 /INPUT 1 "subtractor_in1";
    .port_info 2 /INPUT 1 "borrow_in";
    .port_info 3 /OUTPUT 1 "subtractor_out";
    .port_info 4 /OUTPUT 1 "borrow_out";
L_000001fcd19bbea0 .functor XOR 1, L_000001fcd19ac2d0, L_000001fcd19abfb0, C4<0>, C4<0>;
L_000001fcd19bd250 .functor XOR 1, L_000001fcd19bbea0, L_000001fcd19bc920, C4<0>, C4<0>;
L_000001fcd19bc6f0 .functor NOT 1, L_000001fcd19ac2d0, C4<0>, C4<0>, C4<0>;
L_000001fcd19bc140 .functor AND 1, L_000001fcd19bc6f0, L_000001fcd19abfb0, C4<1>, C4<1>;
L_000001fcd19bc760 .functor NOT 1, L_000001fcd19ac2d0, C4<0>, C4<0>, C4<0>;
L_000001fcd19bc1b0 .functor AND 1, L_000001fcd19bc760, L_000001fcd19bc920, C4<1>, C4<1>;
L_000001fcd19bc990 .functor OR 1, L_000001fcd19bc140, L_000001fcd19bc1b0, C4<0>, C4<0>;
L_000001fcd19bd560 .functor AND 1, L_000001fcd19abfb0, L_000001fcd19bc920, C4<1>, C4<1>;
L_000001fcd19bbd50 .functor OR 1, L_000001fcd19bc990, L_000001fcd19bd560, C4<0>, C4<0>;
v000001fcd19a03b0_0 .net *"_ivl_0", 0 0, L_000001fcd19bbea0;  1 drivers
v000001fcd19a1670_0 .net *"_ivl_10", 0 0, L_000001fcd19bc1b0;  1 drivers
v000001fcd19a18f0_0 .net *"_ivl_12", 0 0, L_000001fcd19bc990;  1 drivers
v000001fcd199fc30_0 .net *"_ivl_14", 0 0, L_000001fcd19bd560;  1 drivers
v000001fcd19a0ef0_0 .net *"_ivl_4", 0 0, L_000001fcd19bc6f0;  1 drivers
v000001fcd19a1df0_0 .net *"_ivl_6", 0 0, L_000001fcd19bc140;  1 drivers
v000001fcd19a2070_0 .net *"_ivl_8", 0 0, L_000001fcd19bc760;  1 drivers
v000001fcd19a0db0_0 .net "borrow_in", 0 0, L_000001fcd19bc920;  alias, 1 drivers
v000001fcd19a0bd0_0 .net "borrow_out", 0 0, L_000001fcd19bbd50;  alias, 1 drivers
v000001fcd19a09f0_0 .net "subtractor_in0", 0 0, L_000001fcd19ac2d0;  1 drivers
v000001fcd199fcd0_0 .net "subtractor_in1", 0 0, L_000001fcd19abfb0;  1 drivers
v000001fcd19a0770_0 .net "subtractor_out", 0 0, L_000001fcd19bd250;  1 drivers
S_000001fcd1999140 .scope module, "block3" "subtractor1bit" 3 99, 3 108 0, S_000001fcd1998c90;
 .timescale 0 0;
    .port_info 0 /INPUT 1 "subtractor_in0";
    .port_info 1 /INPUT 1 "subtractor_in1";
    .port_info 2 /INPUT 1 "borrow_in";
    .port_info 3 /OUTPUT 1 "subtractor_out";
    .port_info 4 /OUTPUT 1 "borrow_out";
L_000001fcd19bcb50 .functor XOR 1, L_000001fcd19ad130, L_000001fcd19ab1f0, C4<0>, C4<0>;
L_000001fcd19bd5d0 .functor XOR 1, L_000001fcd19bcb50, L_000001fcd19bbd50, C4<0>, C4<0>;
L_000001fcd19bba40 .functor NOT 1, L_000001fcd19ad130, C4<0>, C4<0>, C4<0>;
L_000001fcd19bcca0 .functor AND 1, L_000001fcd19bba40, L_000001fcd19ab1f0, C4<1>, C4<1>;
L_000001fcd19bd170 .functor NOT 1, L_000001fcd19ad130, C4<0>, C4<0>, C4<0>;
L_000001fcd19bcd10 .functor AND 1, L_000001fcd19bd170, L_000001fcd19bbd50, C4<1>, C4<1>;
L_000001fcd19bc300 .functor OR 1, L_000001fcd19bcca0, L_000001fcd19bcd10, C4<0>, C4<0>;
L_000001fcd19bcd80 .functor AND 1, L_000001fcd19ab1f0, L_000001fcd19bbd50, C4<1>, C4<1>;
L_000001fcd19bc530 .functor OR 1, L_000001fcd19bc300, L_000001fcd19bcd80, C4<0>, C4<0>;
v000001fcd19a0130_0 .net *"_ivl_0", 0 0, L_000001fcd19bcb50;  1 drivers
v000001fcd19a0e50_0 .net *"_ivl_10", 0 0, L_000001fcd19bcd10;  1 drivers
v000001fcd19a0810_0 .net *"_ivl_12", 0 0, L_000001fcd19bc300;  1 drivers
v000001fcd19a1490_0 .net *"_ivl_14", 0 0, L_000001fcd19bcd80;  1 drivers
v000001fcd19a2110_0 .net *"_ivl_4", 0 0, L_000001fcd19bba40;  1 drivers
v000001fcd19a01d0_0 .net *"_ivl_6", 0 0, L_000001fcd19bcca0;  1 drivers
v000001fcd19a0270_0 .net *"_ivl_8", 0 0, L_000001fcd19bd170;  1 drivers
v000001fcd19a0b30_0 .net "borrow_in", 0 0, L_000001fcd19bbd50;  alias, 1 drivers
v000001fcd19a0c70_0 .net "borrow_out", 0 0, L_000001fcd19bc530;  alias, 1 drivers
v000001fcd19a15d0_0 .net "subtractor_in0", 0 0, L_000001fcd19ad130;  1 drivers
v000001fcd199faf0_0 .net "subtractor_in1", 0 0, L_000001fcd19ab1f0;  1 drivers
v000001fcd19a1a30_0 .net "subtractor_out", 0 0, L_000001fcd19bd5d0;  1 drivers
S_000001fcd19995f0 .scope module, "block5" "subtractor4bit" 3 58, 3 67 0, S_000001fcd1998b00;
 .timescale 0 0;
    .port_info 0 /INPUT 4 "subtractor_in0";
    .port_info 1 /INPUT 4 "subtractor_in1";
    .port_info 2 /INPUT 1 "borrow_in";
    .port_info 3 /OUTPUT 4 "subtractor_out";
    .port_info 4 /OUTPUT 1 "borrow_out";
v000001fcd19a2a70_0 .net "borrow_in", 0 0, L_000001fcd19bc530;  alias, 1 drivers
v000001fcd19a31f0_0 .net "borrow_out", 0 0, L_000001fcd19be700;  alias, 1 drivers
v000001fcd19a2f70_0 .net "c1", 0 0, L_000001fcd19bc370;  1 drivers
v000001fcd19a3290_0 .net "c2", 0 0, L_000001fcd19bbff0;  1 drivers
v000001fcd19a3010_0 .net "c3", 0 0, L_000001fcd19bf650;  1 drivers
v000001fcd19a3330_0 .net "subtractor_in0", 3 0, L_000001fcd19ac5f0;  1 drivers
v000001fcd19a2610_0 .net "subtractor_in1", 3 0, L_000001fcd19aa9d0;  1 drivers
v000001fcd19a3650_0 .net "subtractor_out", 3 0, L_000001fcd19ac910;  1 drivers
L_000001fcd19acff0 .part L_000001fcd19ac5f0, 0, 1;
L_000001fcd19abf10 .part L_000001fcd19aa9d0, 0, 1;
L_000001fcd19abb50 .part L_000001fcd19ac5f0, 1, 1;
L_000001fcd19ab330 .part L_000001fcd19aa9d0, 1, 1;
L_000001fcd19acc30 .part L_000001fcd19ac5f0, 2, 1;
L_000001fcd19aceb0 .part L_000001fcd19aa9d0, 2, 1;
L_000001fcd19ab3d0 .part L_000001fcd19ac5f0, 3, 1;
L_000001fcd19ac690 .part L_000001fcd19aa9d0, 3, 1;
L_000001fcd19ac910 .concat8 [ 1 1 1 1], L_000001fcd19bced0, L_000001fcd19bbce0, L_000001fcd19bd640, L_000001fcd19bf880;
S_000001fcd1999910 .scope module, "block0" "subtractor1bit" 3 78, 3 108 0, S_000001fcd19995f0;
 .timescale 0 0;
    .port_info 0 /INPUT 1 "subtractor_in0";
    .port_info 1 /INPUT 1 "subtractor_in1";
    .port_info 2 /INPUT 1 "borrow_in";
    .port_info 3 /OUTPUT 1 "subtractor_out";
    .port_info 4 /OUTPUT 1 "borrow_out";
L_000001fcd19bc8b0 .functor XOR 1, L_000001fcd19acff0, L_000001fcd19abf10, C4<0>, C4<0>;
L_000001fcd19bced0 .functor XOR 1, L_000001fcd19bc8b0, L_000001fcd19bc530, C4<0>, C4<0>;
L_000001fcd19bbc00 .functor NOT 1, L_000001fcd19acff0, C4<0>, C4<0>, C4<0>;
L_000001fcd19bcf40 .functor AND 1, L_000001fcd19bbc00, L_000001fcd19abf10, C4<1>, C4<1>;
L_000001fcd19bd480 .functor NOT 1, L_000001fcd19acff0, C4<0>, C4<0>, C4<0>;
L_000001fcd19bd4f0 .functor AND 1, L_000001fcd19bd480, L_000001fcd19bc530, C4<1>, C4<1>;
L_000001fcd19bbf10 .functor OR 1, L_000001fcd19bcf40, L_000001fcd19bd4f0, C4<0>, C4<0>;
L_000001fcd19bd090 .functor AND 1, L_000001fcd19abf10, L_000001fcd19bc530, C4<1>, C4<1>;
L_000001fcd19bc370 .functor OR 1, L_000001fcd19bbf10, L_000001fcd19bd090, C4<0>, C4<0>;
v000001fcd19a1b70_0 .net *"_ivl_0", 0 0, L_000001fcd19bc8b0;  1 drivers
v000001fcd19a0310_0 .net *"_ivl_10", 0 0, L_000001fcd19bd4f0;  1 drivers
v000001fcd19a12b0_0 .net *"_ivl_12", 0 0, L_000001fcd19bbf10;  1 drivers
v000001fcd19a1350_0 .net *"_ivl_14", 0 0, L_000001fcd19bd090;  1 drivers
v000001fcd19a0450_0 .net *"_ivl_4", 0 0, L_000001fcd19bbc00;  1 drivers
v000001fcd19a1cb0_0 .net *"_ivl_6", 0 0, L_000001fcd19bcf40;  1 drivers
v000001fcd199fb90_0 .net *"_ivl_8", 0 0, L_000001fcd19bd480;  1 drivers
v000001fcd19a1710_0 .net "borrow_in", 0 0, L_000001fcd19bc530;  alias, 1 drivers
v000001fcd199fd70_0 .net "borrow_out", 0 0, L_000001fcd19bc370;  alias, 1 drivers
v000001fcd19a17b0_0 .net "subtractor_in0", 0 0, L_000001fcd19acff0;  1 drivers
v000001fcd19a1850_0 .net "subtractor_in1", 0 0, L_000001fcd19abf10;  1 drivers
v000001fcd19a04f0_0 .net "subtractor_out", 0 0, L_000001fcd19bced0;  1 drivers
S_000001fcd19992d0 .scope module, "block1" "subtractor1bit" 3 85, 3 108 0, S_000001fcd19995f0;
 .timescale 0 0;
    .port_info 0 /INPUT 1 "subtractor_in0";
    .port_info 1 /INPUT 1 "subtractor_in1";
    .port_info 2 /INPUT 1 "borrow_in";
    .port_info 3 /OUTPUT 1 "subtractor_out";
    .port_info 4 /OUTPUT 1 "borrow_out";
L_000001fcd19bd2c0 .functor XOR 1, L_000001fcd19abb50, L_000001fcd19ab330, C4<0>, C4<0>;
L_000001fcd19bbce0 .functor XOR 1, L_000001fcd19bd2c0, L_000001fcd19bc370, C4<0>, C4<0>;
L_000001fcd19bcfb0 .functor NOT 1, L_000001fcd19abb50, C4<0>, C4<0>, C4<0>;
L_000001fcd19bd1e0 .functor AND 1, L_000001fcd19bcfb0, L_000001fcd19ab330, C4<1>, C4<1>;
L_000001fcd19bc0d0 .functor NOT 1, L_000001fcd19abb50, C4<0>, C4<0>, C4<0>;
L_000001fcd19bd330 .functor AND 1, L_000001fcd19bc0d0, L_000001fcd19bc370, C4<1>, C4<1>;
L_000001fcd19bd3a0 .functor OR 1, L_000001fcd19bd1e0, L_000001fcd19bd330, C4<0>, C4<0>;
L_000001fcd19bbc70 .functor AND 1, L_000001fcd19ab330, L_000001fcd19bc370, C4<1>, C4<1>;
L_000001fcd19bbff0 .functor OR 1, L_000001fcd19bd3a0, L_000001fcd19bbc70, C4<0>, C4<0>;
v000001fcd19a1c10_0 .net *"_ivl_0", 0 0, L_000001fcd19bd2c0;  1 drivers
v000001fcd19a0590_0 .net *"_ivl_10", 0 0, L_000001fcd19bd330;  1 drivers
v000001fcd19a06d0_0 .net *"_ivl_12", 0 0, L_000001fcd19bd3a0;  1 drivers
v000001fcd199f9b0_0 .net *"_ivl_14", 0 0, L_000001fcd19bbc70;  1 drivers
v000001fcd19a08b0_0 .net *"_ivl_4", 0 0, L_000001fcd19bcfb0;  1 drivers
v000001fcd199fa50_0 .net *"_ivl_6", 0 0, L_000001fcd19bd1e0;  1 drivers
v000001fcd199feb0_0 .net *"_ivl_8", 0 0, L_000001fcd19bc0d0;  1 drivers
v000001fcd199fff0_0 .net "borrow_in", 0 0, L_000001fcd19bc370;  alias, 1 drivers
v000001fcd19a0090_0 .net "borrow_out", 0 0, L_000001fcd19bbff0;  alias, 1 drivers
v000001fcd19a0950_0 .net "subtractor_in0", 0 0, L_000001fcd19abb50;  1 drivers
v000001fcd19a2890_0 .net "subtractor_in1", 0 0, L_000001fcd19ab330;  1 drivers
v000001fcd19a2cf0_0 .net "subtractor_out", 0 0, L_000001fcd19bbce0;  1 drivers
S_000001fcd1999780 .scope module, "block2" "subtractor1bit" 3 92, 3 108 0, S_000001fcd19995f0;
 .timescale 0 0;
    .port_info 0 /INPUT 1 "subtractor_in0";
    .port_info 1 /INPUT 1 "subtractor_in1";
    .port_info 2 /INPUT 1 "borrow_in";
    .port_info 3 /OUTPUT 1 "subtractor_out";
    .port_info 4 /OUTPUT 1 "borrow_out";
L_000001fcd19bd8e0 .functor XOR 1, L_000001fcd19acc30, L_000001fcd19aceb0, C4<0>, C4<0>;
L_000001fcd19bd640 .functor XOR 1, L_000001fcd19bd8e0, L_000001fcd19bbff0, C4<0>, C4<0>;
L_000001fcd19bd720 .functor NOT 1, L_000001fcd19acc30, C4<0>, C4<0>, C4<0>;
L_000001fcd19bd790 .functor AND 1, L_000001fcd19bd720, L_000001fcd19aceb0, C4<1>, C4<1>;
L_000001fcd19bd6b0 .functor NOT 1, L_000001fcd19acc30, C4<0>, C4<0>, C4<0>;
L_000001fcd19bd950 .functor AND 1, L_000001fcd19bd6b0, L_000001fcd19bbff0, C4<1>, C4<1>;
L_000001fcd19bd800 .functor OR 1, L_000001fcd19bd790, L_000001fcd19bd950, C4<0>, C4<0>;
L_000001fcd19bd870 .functor AND 1, L_000001fcd19aceb0, L_000001fcd19bbff0, C4<1>, C4<1>;
L_000001fcd19bf650 .functor OR 1, L_000001fcd19bd800, L_000001fcd19bd870, C4<0>, C4<0>;
v000001fcd19a3470_0 .net *"_ivl_0", 0 0, L_000001fcd19bd8e0;  1 drivers
v000001fcd19a2d90_0 .net *"_ivl_10", 0 0, L_000001fcd19bd950;  1 drivers
v000001fcd19a33d0_0 .net *"_ivl_12", 0 0, L_000001fcd19bd800;  1 drivers
v000001fcd19a2c50_0 .net *"_ivl_14", 0 0, L_000001fcd19bd870;  1 drivers
v000001fcd19a3510_0 .net *"_ivl_4", 0 0, L_000001fcd19bd720;  1 drivers
v000001fcd19a26b0_0 .net *"_ivl_6", 0 0, L_000001fcd19bd790;  1 drivers
v000001fcd19a2e30_0 .net *"_ivl_8", 0 0, L_000001fcd19bd6b0;  1 drivers
v000001fcd19a36f0_0 .net "borrow_in", 0 0, L_000001fcd19bbff0;  alias, 1 drivers
v000001fcd19a2ed0_0 .net "borrow_out", 0 0, L_000001fcd19bf650;  alias, 1 drivers
v000001fcd19a2750_0 .net "subtractor_in0", 0 0, L_000001fcd19acc30;  1 drivers
v000001fcd19a2390_0 .net "subtractor_in1", 0 0, L_000001fcd19aceb0;  1 drivers
v000001fcd19a35b0_0 .net "subtractor_out", 0 0, L_000001fcd19bd640;  1 drivers
S_000001fcd1999dc0 .scope module, "block3" "subtractor1bit" 3 99, 3 108 0, S_000001fcd19995f0;
 .timescale 0 0;
    .port_info 0 /INPUT 1 "subtractor_in0";
    .port_info 1 /INPUT 1 "subtractor_in1";
    .port_info 2 /INPUT 1 "borrow_in";
    .port_info 3 /OUTPUT 1 "subtractor_out";
    .port_info 4 /OUTPUT 1 "borrow_out";
L_000001fcd19bf960 .functor XOR 1, L_000001fcd19ab3d0, L_000001fcd19ac690, C4<0>, C4<0>;
L_000001fcd19bf880 .functor XOR 1, L_000001fcd19bf960, L_000001fcd19bf650, C4<0>, C4<0>;
L_000001fcd19bf8f0 .functor NOT 1, L_000001fcd19ab3d0, C4<0>, C4<0>, C4<0>;
L_000001fcd19bf6c0 .functor AND 1, L_000001fcd19bf8f0, L_000001fcd19ac690, C4<1>, C4<1>;
L_000001fcd19bf810 .functor NOT 1, L_000001fcd19ab3d0, C4<0>, C4<0>, C4<0>;
L_000001fcd19bf730 .functor AND 1, L_000001fcd19bf810, L_000001fcd19bf650, C4<1>, C4<1>;
L_000001fcd19bf7a0 .functor OR 1, L_000001fcd19bf6c0, L_000001fcd19bf730, C4<0>, C4<0>;
L_000001fcd19be4d0 .functor AND 1, L_000001fcd19ac690, L_000001fcd19bf650, C4<1>, C4<1>;
L_000001fcd19be700 .functor OR 1, L_000001fcd19bf7a0, L_000001fcd19be4d0, C4<0>, C4<0>;
v000001fcd19a27f0_0 .net *"_ivl_0", 0 0, L_000001fcd19bf960;  1 drivers
v000001fcd19a3150_0 .net *"_ivl_10", 0 0, L_000001fcd19bf730;  1 drivers
v000001fcd19a24d0_0 .net *"_ivl_12", 0 0, L_000001fcd19bf7a0;  1 drivers
v000001fcd19a2b10_0 .net *"_ivl_14", 0 0, L_000001fcd19be4d0;  1 drivers
v000001fcd19a30b0_0 .net *"_ivl_4", 0 0, L_000001fcd19bf8f0;  1 drivers
v000001fcd19a2930_0 .net *"_ivl_6", 0 0, L_000001fcd19bf6c0;  1 drivers
v000001fcd19a2570_0 .net *"_ivl_8", 0 0, L_000001fcd19bf810;  1 drivers
v000001fcd19a2250_0 .net "borrow_in", 0 0, L_000001fcd19bf650;  alias, 1 drivers
v000001fcd19a2bb0_0 .net "borrow_out", 0 0, L_000001fcd19be700;  alias, 1 drivers
v000001fcd19a29d0_0 .net "subtractor_in0", 0 0, L_000001fcd19ab3d0;  1 drivers
v000001fcd19a2430_0 .net "subtractor_in1", 0 0, L_000001fcd19ac690;  1 drivers
v000001fcd19a22f0_0 .net "subtractor_out", 0 0, L_000001fcd19bf880;  1 drivers
    .scope S_000001fcd192e750;
T_0 ;
    %vpi_call 2 19 "$dumpfile", "subtractor_waveform.vcd" {0 0 0};
    %vpi_call 2 20 "$dumpvars", 32'sb00000000000000000000000000000000, S_000001fcd192e750 {0 0 0};
    %pushi/vec4 10, 0, 32;
    %store/vec4 v000001fcd19aa2f0_0, 0, 32;
    %pushi/vec4 5, 0, 32;
    %store/vec4 v000001fcd19a9f30_0, 0, 32;
    %pushi/vec4 0, 0, 1;
    %store/vec4 v000001fcd19aa750_0, 0, 1;
    %delay 10000, 0;
    %pushi/vec4 15, 0, 32;
    %store/vec4 v000001fcd19aa2f0_0, 0, 32;
    %pushi/vec4 15, 0, 32;
    %store/vec4 v000001fcd19a9f30_0, 0, 32;
    %pushi/vec4 0, 0, 1;
    %store/vec4 v000001fcd19aa750_0, 0, 1;
    %delay 10000, 0;
    %pushi/vec4 7, 0, 32;
    %store/vec4 v000001fcd19aa2f0_0, 0, 32;
    %pushi/vec4 9, 0, 32;
    %store/vec4 v000001fcd19a9f30_0, 0, 32;
    %pushi/vec4 0, 0, 1;
    %store/vec4 v000001fcd19aa750_0, 0, 1;
    %delay 10000, 0;
    %pushi/vec4 20, 0, 32;
    %store/vec4 v000001fcd19aa2f0_0, 0, 32;
    %pushi/vec4 5, 0, 32;
    %store/vec4 v000001fcd19a9f30_0, 0, 32;
    %pushi/vec4 1, 0, 1;
    %store/vec4 v000001fcd19aa750_0, 0, 1;
    %delay 10000, 0;
    %pushi/vec4 2147483647, 0, 32;
    %store/vec4 v000001fcd19aa2f0_0, 0, 32;
    %pushi/vec4 2147483647, 0, 32;
    %store/vec4 v000001fcd19a9f30_0, 0, 32;
    %pushi/vec4 0, 0, 1;
    %store/vec4 v000001fcd19aa750_0, 0, 1;
    %delay 10000, 0;
    %pushi/vec4 2147483648, 0, 32;
    %store/vec4 v000001fcd19aa2f0_0, 0, 32;
    %pushi/vec4 2147483648, 0, 32;
    %store/vec4 v000001fcd19a9f30_0, 0, 32;
    %pushi/vec4 1, 0, 1;
    %store/vec4 v000001fcd19aa750_0, 0, 1;
    %delay 10000, 0;
    %vpi_call 2 52 "$finish" {0 0 0};
    %end;
    .thread T_0;
# The file index is used to find the file name in the following table.
:file_names 4;
    "N/A";
    "<interactive>";
    "BaselineALU/tb_subtractor.v";
    "BaselineALU/subtractor.v";
