
*** Running vivado
    with args -log alu_top.vds -m64 -product Vivado -mode batch -messageDb vivado.pb -notrace -source alu_top.tcl



****** Vivado v2025.1 (64-bit)
  **** SW Build 6140274 on Thu May 22 00:12:29 MDT 2025
  **** IP Build 6138677 on Thu May 22 03:10:11 MDT 2025
  **** SharedData Build 6139179 on Tue May 20 17:58:58 MDT 2025
  **** Start of session at: Sat Oct 11 02:24:25 2025
    ** Copyright 1986-2022 Xilinx, Inc. All Rights Reserved.
    ** Copyright 2022-2025 Advanced Micro Devices, Inc. All Rights Reserved.

source alu_top.tcl -notrace
Command: read_checkpoint -auto_incremental -incremental C:/Users/poora/Desktop/BASELINE_ALU_32BIT/BASELINE_ALU_32BIT.srcs/utils_1/imports/synth_1/tb_alu_top.dcp
INFO: [Vivado 12-5825] Read reference checkpoint from C:/Users/poora/Desktop/BASELINE_ALU_32BIT/BASELINE_ALU_32BIT.srcs/utils_1/imports/synth_1/tb_alu_top.dcp for incremental synthesis
INFO: [Vivado 12-7989] Please ensure there are no constraint changes
Command: synth_design -top alu_top -part xc7a35tcsg324-1
Starting synth_design
Attempting to get a license for feature 'Synthesis' and/or device 'xc7a35t'
INFO: [Common 17-349] Got license for feature 'Synthesis' and/or device 'xc7a35t'
INFO: [Device 21-403] Loading part xc7a35tcsg324-1
INFO: [Designutils 20-5440] No compile time benefit to using incremental synthesis; A full resynthesis will be run
INFO: [Designutils 20-4379] Flow is switching to default flow due to incremental criteria not met. If you would like to alter this behaviour and have the flow terminate instead, please set the following parameter config_implementation {autoIncr.Synth.RejectBehavior Terminate}
INFO: [Synth 8-7079] Multithreading enabled for synth_design using a maximum of 2 processes.
INFO: [Synth 8-7078] Launching helper process for spawning children vivado processes
INFO: [Synth 8-7075] Helper process launched with PID 4600
---------------------------------------------------------------------------------
Starting RTL Elaboration : Time (s): cpu = 00:00:04 ; elapsed = 00:00:04 . Memory (MB): peak = 1180.020 ; gain = 494.168
---------------------------------------------------------------------------------
INFO: [Synth 8-6157] synthesizing module 'alu_top' [C:/Users/poora/Desktop/ALU_Comparison_PBL_Project/BaselineALU/alu_top.v:1]
INFO: [Synth 8-6157] synthesizing module 'adder32bit' [C:/Users/poora/Desktop/ALU_Comparison_PBL_Project/BaselineALU/adder.v:1]
INFO: [Synth 8-6157] synthesizing module 'adder8bit' [C:/Users/poora/Desktop/ALU_Comparison_PBL_Project/BaselineALU/adder.v:42]
INFO: [Synth 8-6157] synthesizing module 'adder4bit' [C:/Users/poora/Desktop/ALU_Comparison_PBL_Project/BaselineALU/adder.v:67]
INFO: [Synth 8-6157] synthesizing module 'adder1bit' [C:/Users/poora/Desktop/ALU_Comparison_PBL_Project/BaselineALU/adder.v:108]
INFO: [Synth 8-6155] done synthesizing module 'adder1bit' (0#1) [C:/Users/poora/Desktop/ALU_Comparison_PBL_Project/BaselineALU/adder.v:108]
INFO: [Synth 8-6155] done synthesizing module 'adder4bit' (0#1) [C:/Users/poora/Desktop/ALU_Comparison_PBL_Project/BaselineALU/adder.v:67]
INFO: [Synth 8-6155] done synthesizing module 'adder8bit' (0#1) [C:/Users/poora/Desktop/ALU_Comparison_PBL_Project/BaselineALU/adder.v:42]
INFO: [Synth 8-6155] done synthesizing module 'adder32bit' (0#1) [C:/Users/poora/Desktop/ALU_Comparison_PBL_Project/BaselineALU/adder.v:1]
WARNING: [Synth 8-7071] port 'carry_out' of module 'adder32bit' is unconnected for instance 'ADDITION' [C:/Users/poora/Desktop/ALU_Comparison_PBL_Project/BaselineALU/alu_top.v:31]
WARNING: [Synth 8-7023] instance 'ADDITION' of module 'adder32bit' has 5 connections declared, but only 4 given [C:/Users/poora/Desktop/ALU_Comparison_PBL_Project/BaselineALU/alu_top.v:31]
INFO: [Synth 8-6157] synthesizing module 'subtractor32bit' [C:/Users/poora/Desktop/ALU_Comparison_PBL_Project/BaselineALU/subtractor.v:1]
INFO: [Synth 8-6157] synthesizing module 'subtractor8bit' [C:/Users/poora/Desktop/ALU_Comparison_PBL_Project/BaselineALU/subtractor.v:42]
INFO: [Synth 8-6157] synthesizing module 'subtractor4bit' [C:/Users/poora/Desktop/ALU_Comparison_PBL_Project/BaselineALU/subtractor.v:67]
INFO: [Synth 8-6157] synthesizing module 'subtractor1bit' [C:/Users/poora/Desktop/ALU_Comparison_PBL_Project/BaselineALU/subtractor.v:108]
INFO: [Synth 8-6155] done synthesizing module 'subtractor1bit' (0#1) [C:/Users/poora/Desktop/ALU_Comparison_PBL_Project/BaselineALU/subtractor.v:108]
INFO: [Synth 8-6155] done synthesizing module 'subtractor4bit' (0#1) [C:/Users/poora/Desktop/ALU_Comparison_PBL_Project/BaselineALU/subtractor.v:67]
INFO: [Synth 8-6155] done synthesizing module 'subtractor8bit' (0#1) [C:/Users/poora/Desktop/ALU_Comparison_PBL_Project/BaselineALU/subtractor.v:42]
INFO: [Synth 8-6155] done synthesizing module 'subtractor32bit' (0#1) [C:/Users/poora/Desktop/ALU_Comparison_PBL_Project/BaselineALU/subtractor.v:1]
WARNING: [Synth 8-7071] port 'borrow_out' of module 'subtractor32bit' is unconnected for instance 'SUBTRACTION' [C:/Users/poora/Desktop/ALU_Comparison_PBL_Project/BaselineALU/alu_top.v:38]
WARNING: [Synth 8-7023] instance 'SUBTRACTION' of module 'subtractor32bit' has 5 connections declared, but only 4 given [C:/Users/poora/Desktop/ALU_Comparison_PBL_Project/BaselineALU/alu_top.v:38]
INFO: [Synth 8-6157] synthesizing module 'gate_and' [C:/Users/poora/Desktop/ALU_Comparison_PBL_Project/BaselineALU/gate_and.v:1]
INFO: [Synth 8-6155] done synthesizing module 'gate_and' (0#1) [C:/Users/poora/Desktop/ALU_Comparison_PBL_Project/BaselineALU/gate_and.v:1]
INFO: [Synth 8-6157] synthesizing module 'gate_or' [C:/Users/poora/Desktop/ALU_Comparison_PBL_Project/BaselineALU/gate_or.v:1]
INFO: [Synth 8-6155] done synthesizing module 'gate_or' (0#1) [C:/Users/poora/Desktop/ALU_Comparison_PBL_Project/BaselineALU/gate_or.v:1]
INFO: [Synth 8-6157] synthesizing module 'gate_xor' [C:/Users/poora/Desktop/ALU_Comparison_PBL_Project/BaselineALU/gate_xor.v:1]
INFO: [Synth 8-6155] done synthesizing module 'gate_xor' (0#1) [C:/Users/poora/Desktop/ALU_Comparison_PBL_Project/BaselineALU/gate_xor.v:1]
INFO: [Synth 8-6157] synthesizing module 'shift_module' [C:/Users/poora/Desktop/ALU_Comparison_PBL_Project/BaselineALU/shift_module.v:1]
INFO: [Synth 8-6155] done synthesizing module 'shift_module' (0#1) [C:/Users/poora/Desktop/ALU_Comparison_PBL_Project/BaselineALU/shift_module.v:1]
INFO: [Synth 8-6157] synthesizing module 'comparator' [C:/Users/poora/Desktop/ALU_Comparison_PBL_Project/BaselineALU/comparator.v:1]
INFO: [Synth 8-6155] done synthesizing module 'comparator' (0#1) [C:/Users/poora/Desktop/ALU_Comparison_PBL_Project/BaselineALU/comparator.v:1]
INFO: [Synth 8-6155] done synthesizing module 'alu_top' (0#1) [C:/Users/poora/Desktop/ALU_Comparison_PBL_Project/BaselineALU/alu_top.v:1]
WARNING: [Synth 8-7129] Port comp_in0[30] in module comparator is either unconnected or has no load
WARNING: [Synth 8-7129] Port comp_in0[29] in module comparator is either unconnected or has no load
WARNING: [Synth 8-7129] Port comp_in0[28] in module comparator is either unconnected or has no load
WARNING: [Synth 8-7129] Port comp_in0[27] in module comparator is either unconnected or has no load
WARNING: [Synth 8-7129] Port comp_in0[26] in module comparator is either unconnected or has no load
WARNING: [Synth 8-7129] Port comp_in0[25] in module comparator is either unconnected or has no load
WARNING: [Synth 8-7129] Port comp_in0[24] in module comparator is either unconnected or has no load
WARNING: [Synth 8-7129] Port comp_in0[23] in module comparator is either unconnected or has no load
WARNING: [Synth 8-7129] Port comp_in0[22] in module comparator is either unconnected or has no load
WARNING: [Synth 8-7129] Port comp_in0[21] in module comparator is either unconnected or has no load
WARNING: [Synth 8-7129] Port comp_in0[20] in module comparator is either unconnected or has no load
WARNING: [Synth 8-7129] Port comp_in0[19] in module comparator is either unconnected or has no load
WARNING: [Synth 8-7129] Port comp_in0[18] in module comparator is either unconnected or has no load
WARNING: [Synth 8-7129] Port comp_in0[17] in module comparator is either unconnected or has no load
WARNING: [Synth 8-7129] Port comp_in0[16] in module comparator is either unconnected or has no load
WARNING: [Synth 8-7129] Port comp_in0[15] in module comparator is either unconnected or has no load
WARNING: [Synth 8-7129] Port comp_in0[14] in module comparator is either unconnected or has no load
WARNING: [Synth 8-7129] Port comp_in0[13] in module comparator is either unconnected or has no load
WARNING: [Synth 8-7129] Port comp_in0[12] in module comparator is either unconnected or has no load
WARNING: [Synth 8-7129] Port comp_in0[11] in module comparator is either unconnected or has no load
WARNING: [Synth 8-7129] Port comp_in0[10] in module comparator is either unconnected or has no load
WARNING: [Synth 8-7129] Port comp_in0[9] in module comparator is either unconnected or has no load
WARNING: [Synth 8-7129] Port comp_in0[8] in module comparator is either unconnected or has no load
WARNING: [Synth 8-7129] Port comp_in0[7] in module comparator is either unconnected or has no load
WARNING: [Synth 8-7129] Port comp_in0[6] in module comparator is either unconnected or has no load
WARNING: [Synth 8-7129] Port comp_in0[5] in module comparator is either unconnected or has no load
WARNING: [Synth 8-7129] Port comp_in0[4] in module comparator is either unconnected or has no load
WARNING: [Synth 8-7129] Port comp_in0[3] in module comparator is either unconnected or has no load
WARNING: [Synth 8-7129] Port comp_in0[2] in module comparator is either unconnected or has no load
WARNING: [Synth 8-7129] Port comp_in0[1] in module comparator is either unconnected or has no load
WARNING: [Synth 8-7129] Port comp_in0[0] in module comparator is either unconnected or has no load
WARNING: [Synth 8-7129] Port comp_in1[30] in module comparator is either unconnected or has no load
WARNING: [Synth 8-7129] Port comp_in1[29] in module comparator is either unconnected or has no load
WARNING: [Synth 8-7129] Port comp_in1[28] in module comparator is either unconnected or has no load
WARNING: [Synth 8-7129] Port comp_in1[27] in module comparator is either unconnected or has no load
WARNING: [Synth 8-7129] Port comp_in1[26] in module comparator is either unconnected or has no load
WARNING: [Synth 8-7129] Port comp_in1[25] in module comparator is either unconnected or has no load
WARNING: [Synth 8-7129] Port comp_in1[24] in module comparator is either unconnected or has no load
WARNING: [Synth 8-7129] Port comp_in1[23] in module comparator is either unconnected or has no load
WARNING: [Synth 8-7129] Port comp_in1[22] in module comparator is either unconnected or has no load
WARNING: [Synth 8-7129] Port comp_in1[21] in module comparator is either unconnected or has no load
WARNING: [Synth 8-7129] Port comp_in1[20] in module comparator is either unconnected or has no load
WARNING: [Synth 8-7129] Port comp_in1[19] in module comparator is either unconnected or has no load
WARNING: [Synth 8-7129] Port comp_in1[18] in module comparator is either unconnected or has no load
WARNING: [Synth 8-7129] Port comp_in1[17] in module comparator is either unconnected or has no load
WARNING: [Synth 8-7129] Port comp_in1[16] in module comparator is either unconnected or has no load
WARNING: [Synth 8-7129] Port comp_in1[15] in module comparator is either unconnected or has no load
WARNING: [Synth 8-7129] Port comp_in1[14] in module comparator is either unconnected or has no load
WARNING: [Synth 8-7129] Port comp_in1[13] in module comparator is either unconnected or has no load
WARNING: [Synth 8-7129] Port comp_in1[12] in module comparator is either unconnected or has no load
WARNING: [Synth 8-7129] Port comp_in1[11] in module comparator is either unconnected or has no load
WARNING: [Synth 8-7129] Port comp_in1[10] in module comparator is either unconnected or has no load
WARNING: [Synth 8-7129] Port comp_in1[9] in module comparator is either unconnected or has no load
WARNING: [Synth 8-7129] Port comp_in1[8] in module comparator is either unconnected or has no load
WARNING: [Synth 8-7129] Port comp_in1[7] in module comparator is either unconnected or has no load
WARNING: [Synth 8-7129] Port comp_in1[6] in module comparator is either unconnected or has no load
WARNING: [Synth 8-7129] Port comp_in1[5] in module comparator is either unconnected or has no load
WARNING: [Synth 8-7129] Port comp_in1[4] in module comparator is either unconnected or has no load
WARNING: [Synth 8-7129] Port comp_in1[3] in module comparator is either unconnected or has no load
WARNING: [Synth 8-7129] Port comp_in1[2] in module comparator is either unconnected or has no load
WARNING: [Synth 8-7129] Port comp_in1[1] in module comparator is either unconnected or has no load
WARNING: [Synth 8-7129] Port comp_in1[0] in module comparator is either unconnected or has no load
---------------------------------------------------------------------------------
Finished RTL Elaboration : Time (s): cpu = 00:00:05 ; elapsed = 00:00:06 . Memory (MB): peak = 1286.949 ; gain = 601.098
---------------------------------------------------------------------------------
---------------------------------------------------------------------------------
Start Handling Custom Attributes
---------------------------------------------------------------------------------
---------------------------------------------------------------------------------
Finished Handling Custom Attributes : Time (s): cpu = 00:00:05 ; elapsed = 00:00:06 . Memory (MB): peak = 1286.949 ; gain = 601.098
---------------------------------------------------------------------------------
---------------------------------------------------------------------------------
Finished RTL Optimization Phase 1 : Time (s): cpu = 00:00:05 ; elapsed = 00:00:06 . Memory (MB): peak = 1286.949 ; gain = 601.098
---------------------------------------------------------------------------------
Netlist sorting complete. Time (s): cpu = 00:00:00 ; elapsed = 00:00:00.005 . Memory (MB): peak = 1286.949 ; gain = 0.000
INFO: [Project 1-570] Preparing netlist for logic optimization

Processing XDC Constraints
Initializing timing engine
Parsing XDC File [C:/Users/poora/Desktop/BASELINE_ALU_32BIT/BASELINE_ALU_32BIT.srcs/constrs_1/new/constraints.xdc]
WARNING: [Constraints 18-6211] Setting input delay on a clock pin 'clk' relative to clock 'sys_clk' defined on the same pin is not supported, ignoring it [C:/Users/poora/Desktop/BASELINE_ALU_32BIT/BASELINE_ALU_32BIT.srcs/constrs_1/new/constraints.xdc:3]
Finished Parsing XDC File [C:/Users/poora/Desktop/BASELINE_ALU_32BIT/BASELINE_ALU_32BIT.srcs/constrs_1/new/constraints.xdc]
Completed Processing XDC Constraints

Netlist sorting complete. Time (s): cpu = 00:00:00 ; elapsed = 00:00:00.001 . Memory (MB): peak = 1350.766 ; gain = 0.000
INFO: [Project 1-111] Unisim Transformation Summary:
No Unisim elements were transformed.

Constraint Validation Runtime : Time (s): cpu = 00:00:00 ; elapsed = 00:00:00.016 . Memory (MB): peak = 1350.766 ; gain = 0.000
INFO: [Designutils 20-5440] No compile time benefit to using incremental synthesis; A full resynthesis will be run
INFO: [Designutils 20-4379] Flow is switching to default flow due to incremental criteria not met. If you would like to alter this behaviour and have the flow terminate instead, please set the following parameter config_implementation {autoIncr.Synth.RejectBehavior Terminate}
---------------------------------------------------------------------------------
Finished Constraint Validation : Time (s): cpu = 00:00:11 ; elapsed = 00:00:12 . Memory (MB): peak = 1350.766 ; gain = 664.914
---------------------------------------------------------------------------------
---------------------------------------------------------------------------------
Start Loading Part and Timing Information
---------------------------------------------------------------------------------
Loading part: xc7a35tcsg324-1
---------------------------------------------------------------------------------
Finished Loading Part and Timing Information : Time (s): cpu = 00:00:11 ; elapsed = 00:00:12 . Memory (MB): peak = 1350.766 ; gain = 664.914
---------------------------------------------------------------------------------
---------------------------------------------------------------------------------
Start Applying 'set_property' XDC Constraints
---------------------------------------------------------------------------------
---------------------------------------------------------------------------------
Finished applying 'set_property' XDC Constraints : Time (s): cpu = 00:00:11 ; elapsed = 00:00:12 . Memory (MB): peak = 1350.766 ; gain = 664.914
---------------------------------------------------------------------------------
---------------------------------------------------------------------------------
Finished RTL Optimization Phase 2 : Time (s): cpu = 00:00:12 ; elapsed = 00:00:12 . Memory (MB): peak = 1350.766 ; gain = 664.914
---------------------------------------------------------------------------------
---------------------------------------------------------------------------------
Start RTL Component Statistics 
---------------------------------------------------------------------------------
Detailed RTL Component Info : 
+---XORs : 
	   2 Input     32 Bit         XORs := 1     
	   3 Input      1 Bit         XORs := 64    
+---Registers : 
	               32 Bit    Registers := 1     
---------------------------------------------------------------------------------
Finished RTL Component Statistics 
---------------------------------------------------------------------------------
---------------------------------------------------------------------------------
Start Part Resource Summary
---------------------------------------------------------------------------------
Part Resources:
DSPs: 90 (col length:60)
BRAMs: 100 (col length: RAMB18 60 RAMB36 30)
---------------------------------------------------------------------------------
Finished Part Resource Summary
---------------------------------------------------------------------------------
---------------------------------------------------------------------------------
Start Cross Boundary and Area Optimization
---------------------------------------------------------------------------------
WARNING: [Synth 8-7080] Parallel synthesis criteria is not met
---------------------------------------------------------------------------------
Finished Cross Boundary and Area Optimization : Time (s): cpu = 00:00:16 ; elapsed = 00:00:17 . Memory (MB): peak = 1386.258 ; gain = 700.406
---------------------------------------------------------------------------------
---------------------------------------------------------------------------------
Start Applying XDC Timing Constraints
---------------------------------------------------------------------------------
---------------------------------------------------------------------------------
Finished Applying XDC Timing Constraints : Time (s): cpu = 00:00:20 ; elapsed = 00:00:21 . Memory (MB): peak = 1501.344 ; gain = 815.492
---------------------------------------------------------------------------------
---------------------------------------------------------------------------------
Start Timing Optimization
---------------------------------------------------------------------------------
---------------------------------------------------------------------------------
Finished Timing Optimization : Time (s): cpu = 00:00:23 ; elapsed = 00:00:24 . Memory (MB): peak = 1591.195 ; gain = 905.344
---------------------------------------------------------------------------------
---------------------------------------------------------------------------------
Start Technology Mapping
---------------------------------------------------------------------------------
---------------------------------------------------------------------------------
Finished Technology Mapping : Time (s): cpu = 00:00:23 ; elapsed = 00:00:24 . Memory (MB): peak = 1591.242 ; gain = 905.391
---------------------------------------------------------------------------------
---------------------------------------------------------------------------------
Start IO Insertion
---------------------------------------------------------------------------------
---------------------------------------------------------------------------------
Start Flattening Before IO Insertion
---------------------------------------------------------------------------------
---------------------------------------------------------------------------------
Finished Flattening Before IO Insertion
---------------------------------------------------------------------------------
---------------------------------------------------------------------------------
Start Final Netlist Cleanup
---------------------------------------------------------------------------------
---------------------------------------------------------------------------------
Finished Final Netlist Cleanup
---------------------------------------------------------------------------------
---------------------------------------------------------------------------------
Finished IO Insertion : Time (s): cpu = 00:00:26 ; elapsed = 00:00:27 . Memory (MB): peak = 1778.031 ; gain = 1092.180
---------------------------------------------------------------------------------
---------------------------------------------------------------------------------
Start Renaming Generated Instances
---------------------------------------------------------------------------------
---------------------------------------------------------------------------------
Finished Renaming Generated Instances : Time (s): cpu = 00:00:26 ; elapsed = 00:00:27 . Memory (MB): peak = 1778.031 ; gain = 1092.180
---------------------------------------------------------------------------------
---------------------------------------------------------------------------------
Start Rebuilding User Hierarchy
---------------------------------------------------------------------------------
---------------------------------------------------------------------------------
Finished Rebuilding User Hierarchy : Time (s): cpu = 00:00:26 ; elapsed = 00:00:27 . Memory (MB): peak = 1778.031 ; gain = 1092.180
---------------------------------------------------------------------------------
---------------------------------------------------------------------------------
Start Renaming Generated Ports
---------------------------------------------------------------------------------
---------------------------------------------------------------------------------
Finished Renaming Generated Ports : Time (s): cpu = 00:00:26 ; elapsed = 00:00:27 . Memory (MB): peak = 1778.031 ; gain = 1092.180
---------------------------------------------------------------------------------
---------------------------------------------------------------------------------
Start Handling Custom Attributes
---------------------------------------------------------------------------------
---------------------------------------------------------------------------------
Finished Handling Custom Attributes : Time (s): cpu = 00:00:26 ; elapsed = 00:00:27 . Memory (MB): peak = 1778.031 ; gain = 1092.180
---------------------------------------------------------------------------------
---------------------------------------------------------------------------------
Start Renaming Generated Nets
---------------------------------------------------------------------------------
---------------------------------------------------------------------------------
Finished Renaming Generated Nets : Time (s): cpu = 00:00:26 ; elapsed = 00:00:27 . Memory (MB): peak = 1778.031 ; gain = 1092.180
---------------------------------------------------------------------------------
---------------------------------------------------------------------------------
Start Writing Synthesis Report
---------------------------------------------------------------------------------

Report BlackBoxes: 
+-+--------------+----------+
| |BlackBox name |Instances |
+-+--------------+----------+
+-+--------------+----------+

Report Cell Usage: 
+------+-----+------+
|      |Cell |Count |
+------+-----+------+
|1     |BUFG |     1|
|2     |LUT2 |    26|
|3     |LUT3 |    33|
|4     |LUT4 |     9|
|5     |LUT5 |   153|
|6     |LUT6 |   158|
|7     |FDCE |    32|
|8     |IBUF |    70|
|9     |OBUF |    33|
+------+-----+------+
---------------------------------------------------------------------------------
Finished Writing Synthesis Report : Time (s): cpu = 00:00:26 ; elapsed = 00:00:27 . Memory (MB): peak = 1778.031 ; gain = 1092.180
---------------------------------------------------------------------------------
Synthesis finished with 0 errors, 0 critical warnings and 1 warnings.
Synthesis Optimization Runtime : Time (s): cpu = 00:00:19 ; elapsed = 00:00:26 . Memory (MB): peak = 1778.031 ; gain = 1028.363
Synthesis Optimization Complete : Time (s): cpu = 00:00:26 ; elapsed = 00:00:28 . Memory (MB): peak = 1778.031 ; gain = 1092.180
INFO: [Project 1-571] Translating synthesized netlist
Netlist sorting complete. Time (s): cpu = 00:00:00 ; elapsed = 00:00:00.003 . Memory (MB): peak = 1787.266 ; gain = 0.000
INFO: [Project 1-570] Preparing netlist for logic optimization
INFO: [Opt 31-138] Pushed 0 inverter(s) to 0 load pin(s).
Netlist sorting complete. Time (s): cpu = 00:00:00 ; elapsed = 00:00:00 . Memory (MB): peak = 1790.902 ; gain = 0.000
INFO: [Project 1-111] Unisim Transformation Summary:
No Unisim elements were transformed.

Synth Design complete | Checksum: 607f1a69
INFO: [Common 17-83] Releasing license: Synthesis
46 Infos, 68 Warnings, 0 Critical Warnings and 0 Errors encountered.
synth_design completed successfully
synth_design: Time (s): cpu = 00:00:29 ; elapsed = 00:00:32 . Memory (MB): peak = 1790.902 ; gain = 1292.859
Write ShapeDB Complete: Time (s): cpu = 00:00:00 ; elapsed = 00:00:00.009 . Memory (MB): peak = 1790.902 ; gain = 0.000
INFO: [Common 17-1381] The checkpoint 'C:/Users/poora/Desktop/BASELINE_ALU_32BIT/BASELINE_ALU_32BIT.runs/synth_1/alu_top.dcp' has been generated.
INFO: [Vivado 12-24828] Executing command : report_utilization -file alu_top_utilization_synth.rpt -pb alu_top_utilization_synth.pb
INFO: [Common 17-206] Exiting Vivado at Sat Oct 11 02:25:07 2025...
